CRITICAL - 2022-02-18 05:43:04 --> Undefined variable: title
#0 D:\WEB SERVICES\WORKPLACE\CodeIgniter\soila\app\Views\layouts\base.php(9): CodeIgniter\Debug\Exceptions->errorHandler(8, 'Undefined varia...', 'D:\\WEB SERVICES...', 9, Array)
#1 D:\WEB SERVICES\WORKPLACE\CodeIgniter\soila\vendor\codeigniter4\framework\system\View\View.php(210): include('D:\\WEB SERVICES...')
#2 D:\WEB SERVICES\WORKPLACE\CodeIgniter\soila\vendor\codeigniter4\framework\system\View\View.php(213): CodeIgniter\View\View->CodeIgniter\View\{closure}()
#3 D:\WEB SERVICES\WORKPLACE\CodeIgniter\soila\vendor\codeigniter4\framework\system\View\View.php(226): CodeIgniter\View\View->render('layouts/base', Array, true)
#4 D:\WEB SERVICES\WORKPLACE\CodeIgniter\soila\vendor\codeigniter4\framework\system\Common.php(1089): CodeIgniter\View\View->render('pages/error', Array, true)
#5 D:\WEB SERVICES\WORKPLACE\CodeIgniter\soila\app\Config\Routes.php(40): view('pages/error')
#6 D:\WEB SERVICES\WORKPLACE\CodeIgniter\soila\vendor\codeigniter4\framework\system\CodeIgniter.php(842): CodeIgniter\Router\RouteCollection->Config\{closure}('revolution')
#7 D:\WEB SERVICES\WORKPLACE\CodeIgniter\soila\vendor\codeigniter4\framework\system\CodeIgniter.php(334): CodeIgniter\CodeIgniter->display404errors(Object(CodeIgniter\Exceptions\PageNotFoundException))
#8 D:\WEB SERVICES\WORKPLACE\CodeIgniter\soila\public\index.php(37): CodeIgniter\CodeIgniter->run()
#9 D:\WEB SERVICES\WORKPLACE\CodeIgniter\soila\vendor\codeigniter4\framework\system\Commands\Server\rewrite.php(43): require_once('D:\\WEB SERVICES...')
#10 {main}
CRITICAL - 2022-02-18 05:43:04 --> Undefined variable: title
#0 D:\WEB SERVICES\WORKPLACE\CodeIgniter\soila\app\Views\layouts\base.php(9): CodeIgniter\Debug\Exceptions->errorHandler(8, 'Undefined varia...', 'D:\\WEB SERVICES...', 9, Array)
#1 D:\WEB SERVICES\WORKPLACE\CodeIgniter\soila\vendor\codeigniter4\framework\system\View\View.php(210): include('D:\\WEB SERVICES...')
#2 D:\WEB SERVICES\WORKPLACE\CodeIgniter\soila\vendor\codeigniter4\framework\system\View\View.php(213): CodeIgniter\View\View->CodeIgniter\View\{closure}()
#3 D:\WEB SERVICES\WORKPLACE\CodeIgniter\soila\vendor\codeigniter4\framework\system\View\View.php(226): CodeIgniter\View\View->render('layouts/base', Array, true)
#4 D:\WEB SERVICES\WORKPLACE\CodeIgniter\soila\vendor\codeigniter4\framework\system\Common.php(1089): CodeIgniter\View\View->render('pages/error', Array, true)
#5 D:\WEB SERVICES\WORKPLACE\CodeIgniter\soila\app\Config\Routes.php(40): view('pages/error')
#6 D:\WEB SERVICES\WORKPLACE\CodeIgniter\soila\vendor\codeigniter4\framework\system\CodeIgniter.php(842): CodeIgniter\Router\RouteCollection->Config\{closure}('images')
#7 D:\WEB SERVICES\WORKPLACE\CodeIgniter\soila\vendor\codeigniter4\framework\system\CodeIgniter.php(334): CodeIgniter\CodeIgniter->display404errors(Object(CodeIgniter\Exceptions\PageNotFoundException))
#8 D:\WEB SERVICES\WORKPLACE\CodeIgniter\soila\public\index.php(37): CodeIgniter\CodeIgniter->run()
#9 D:\WEB SERVICES\WORKPLACE\CodeIgniter\soila\vendor\codeigniter4\framework\system\Commands\Server\rewrite.php(43): require_once('D:\\WEB SERVICES...')
#10 {main}
CRITICAL - 2022-02-18 05:43:04 --> Undefined variable: title
#0 D:\WEB SERVICES\WORKPLACE\CodeIgniter\soila\app\Views\layouts\base.php(9): CodeIgniter\Debug\Exceptions->errorHandler(8, 'Undefined varia...', 'D:\\WEB SERVICES...', 9, Array)
#1 D:\WEB SERVICES\WORKPLACE\CodeIgniter\soila\vendor\codeigniter4\framework\system\View\View.php(210): include('D:\\WEB SERVICES...')
#2 D:\WEB SERVICES\WORKPLACE\CodeIgniter\soila\vendor\codeigniter4\framework\system\View\View.php(213): CodeIgniter\View\View->CodeIgniter\View\{closure}()
#3 D:\WEB SERVICES\WORKPLACE\CodeIgniter\soila\vendor\codeigniter4\framework\system\View\View.php(226): CodeIgniter\View\View->render('layouts/base', Array, true)
#4 D:\WEB SERVICES\WORKPLACE\CodeIgniter\soila\vendor\codeigniter4\framework\system\Common.php(1089): CodeIgniter\View\View->render('pages/error', Array, true)
#5 D:\WEB SERVICES\WORKPLACE\CodeIgniter\soila\app\Config\Routes.php(40): view('pages/error')
#6 D:\WEB SERVICES\WORKPLACE\CodeIgniter\soila\vendor\codeigniter4\framework\system\CodeIgniter.php(842): CodeIgniter\Router\RouteCollection->Config\{closure}('images')
#7 D:\WEB SERVICES\WORKPLACE\CodeIgniter\soila\vendor\codeigniter4\framework\system\CodeIgniter.php(334): CodeIgniter\CodeIgniter->display404errors(Object(CodeIgniter\Exceptions\PageNotFoundException))
#8 D:\WEB SERVICES\WORKPLACE\CodeIgniter\soila\public\index.php(37): CodeIgniter\CodeIgniter->run()
#9 D:\WEB SERVICES\WORKPLACE\CodeIgniter\soila\vendor\codeigniter4\framework\system\Commands\Server\rewrite.php(43): require_once('D:\\WEB SERVICES...')
#10 {main}
CRITICAL - 2022-02-18 05:43:05 --> Undefined variable: title
#0 D:\WEB SERVICES\WORKPLACE\CodeIgniter\soila\app\Views\layouts\base.php(9): CodeIgniter\Debug\Exceptions->errorHandler(8, 'Undefined varia...', 'D:\\WEB SERVICES...', 9, Array)
#1 D:\WEB SERVICES\WORKPLACE\CodeIgniter\soila\vendor\codeigniter4\framework\system\View\View.php(210): include('D:\\WEB SERVICES...')
#2 D:\WEB SERVICES\WORKPLACE\CodeIgniter\soila\vendor\codeigniter4\framework\system\View\View.php(213): CodeIgniter\View\View->CodeIgniter\View\{closure}()
#3 D:\WEB SERVICES\WORKPLACE\CodeIgniter\soila\vendor\codeigniter4\framework\system\View\View.php(226): CodeIgniter\View\View->render('layouts/base', Array, true)
#4 D:\WEB SERVICES\WORKPLACE\CodeIgniter\soila\vendor\codeigniter4\framework\system\Common.php(1089): CodeIgniter\View\View->render('pages/error', Array, true)
#5 D:\WEB SERVICES\WORKPLACE\CodeIgniter\soila\app\Config\Routes.php(40): view('pages/error')
#6 D:\WEB SERVICES\WORKPLACE\CodeIgniter\soila\vendor\codeigniter4\framework\system\CodeIgniter.php(842): CodeIgniter\Router\RouteCollection->Config\{closure}('images')
#7 D:\WEB SERVICES\WORKPLACE\CodeIgniter\soila\vendor\codeigniter4\framework\system\CodeIgniter.php(334): CodeIgniter\CodeIgniter->display404errors(Object(CodeIgniter\Exceptions\PageNotFoundException))
#8 D:\WEB SERVICES\WORKPLACE\CodeIgniter\soila\public\index.php(37): CodeIgniter\CodeIgniter->run()
#9 D:\WEB SERVICES\WORKPLACE\CodeIgniter\soila\vendor\codeigniter4\framework\system\Commands\Server\rewrite.php(43): require_once('D:\\WEB SERVICES...')
#10 {main}
CRITICAL - 2022-02-18 05:43:05 --> Undefined variable: title
#0 D:\WEB SERVICES\WORKPLACE\CodeIgniter\soila\app\Views\layouts\base.php(9): CodeIgniter\Debug\Exceptions->errorHandler(8, 'Undefined varia...', 'D:\\WEB SERVICES...', 9, Array)
#1 D:\WEB SERVICES\WORKPLACE\CodeIgniter\soila\vendor\codeigniter4\framework\system\View\View.php(210): include('D:\\WEB SERVICES...')
#2 D:\WEB SERVICES\WORKPLACE\CodeIgniter\soila\vendor\codeigniter4\framework\system\View\View.php(213): CodeIgniter\View\View->CodeIgniter\View\{closure}()
#3 D:\WEB SERVICES\WORKPLACE\CodeIgniter\soila\vendor\codeigniter4\framework\system\View\View.php(226): CodeIgniter\View\View->render('layouts/base', Array, true)
#4 D:\WEB SERVICES\WORKPLACE\CodeIgniter\soila\vendor\codeigniter4\framework\system\Common.php(1089): CodeIgniter\View\View->render('pages/error', Array, true)
#5 D:\WEB SERVICES\WORKPLACE\CodeIgniter\soila\app\Config\Routes.php(40): view('pages/error')
#6 D:\WEB SERVICES\WORKPLACE\CodeIgniter\soila\vendor\codeigniter4\framework\system\CodeIgniter.php(842): CodeIgniter\Router\RouteCollection->Config\{closure}('images')
#7 D:\WEB SERVICES\WORKPLACE\CodeIgniter\soila\vendor\codeigniter4\framework\system\CodeIgniter.php(334): CodeIgniter\CodeIgniter->display404errors(Object(CodeIgniter\Exceptions\PageNotFoundException))
#8 D:\WEB SERVICES\WORKPLACE\CodeIgniter\soila\public\index.php(37): CodeIgniter\CodeIgniter->run()
#9 D:\WEB SERVICES\WORKPLACE\CodeIgniter\soila\vendor\codeigniter4\framework\system\Commands\Server\rewrite.php(43): require_once('D:\\WEB SERVICES...')
#10 {main}
CRITICAL - 2022-02-18 05:43:05 --> Undefined variable: title
#0 D:\WEB SERVICES\WORKPLACE\CodeIgniter\soila\app\Views\layouts\base.php(9): CodeIgniter\Debug\Exceptions->errorHandler(8, 'Undefined varia...', 'D:\\WEB SERVICES...', 9, Array)
#1 D:\WEB SERVICES\WORKPLACE\CodeIgniter\soila\vendor\codeigniter4\framework\system\View\View.php(210): include('D:\\WEB SERVICES...')
#2 D:\WEB SERVICES\WORKPLACE\CodeIgniter\soila\vendor\codeigniter4\framework\system\View\View.php(213): CodeIgniter\View\View->CodeIgniter\View\{closure}()
#3 D:\WEB SERVICES\WORKPLACE\CodeIgniter\soila\vendor\codeigniter4\framework\system\View\View.php(226): CodeIgniter\View\View->render('layouts/base', Array, true)
#4 D:\WEB SERVICES\WORKPLACE\CodeIgniter\soila\vendor\codeigniter4\framework\system\Common.php(1089): CodeIgniter\View\View->render('pages/error', Array, true)
#5 D:\WEB SERVICES\WORKPLACE\CodeIgniter\soila\app\Config\Routes.php(40): view('pages/error')
#6 D:\WEB SERVICES\WORKPLACE\CodeIgniter\soila\vendor\codeigniter4\framework\system\CodeIgniter.php(842): CodeIgniter\Router\RouteCollection->Config\{closure}('images')
#7 D:\WEB SERVICES\WORKPLACE\CodeIgniter\soila\vendor\codeigniter4\framework\system\CodeIgniter.php(334): CodeIgniter\CodeIgniter->display404errors(Object(CodeIgniter\Exceptions\PageNotFoundException))
#8 D:\WEB SERVICES\WORKPLACE\CodeIgniter\soila\public\index.php(37): CodeIgniter\CodeIgniter->run()
#9 D:\WEB SERVICES\WORKPLACE\CodeIgniter\soila\vendor\codeigniter4\framework\system\Commands\Server\rewrite.php(43): require_once('D:\\WEB SERVICES...')
#10 {main}
CRITICAL - 2022-02-18 05:43:06 --> Undefined variable: title
#0 D:\WEB SERVICES\WORKPLACE\CodeIgniter\soila\app\Views\layouts\base.php(9): CodeIgniter\Debug\Exceptions->errorHandler(8, 'Undefined varia...', 'D:\\WEB SERVICES...', 9, Array)
#1 D:\WEB SERVICES\WORKPLACE\CodeIgniter\soila\vendor\codeigniter4\framework\system\View\View.php(210): include('D:\\WEB SERVICES...')
#2 D:\WEB SERVICES\WORKPLACE\CodeIgniter\soila\vendor\codeigniter4\framework\system\View\View.php(213): CodeIgniter\View\View->CodeIgniter\View\{closure}()
#3 D:\WEB SERVICES\WORKPLACE\CodeIgniter\soila\vendor\codeigniter4\framework\system\View\View.php(226): CodeIgniter\View\View->render('layouts/base', Array, true)
#4 D:\WEB SERVICES\WORKPLACE\CodeIgniter\soila\vendor\codeigniter4\framework\system\Common.php(1089): CodeIgniter\View\View->render('pages/error', Array, true)
#5 D:\WEB SERVICES\WORKPLACE\CodeIgniter\soila\app\Config\Routes.php(40): view('pages/error')
#6 D:\WEB SERVICES\WORKPLACE\CodeIgniter\soila\vendor\codeigniter4\framework\system\CodeIgniter.php(842): CodeIgniter\Router\RouteCollection->Config\{closure}('revolution')
#7 D:\WEB SERVICES\WORKPLACE\CodeIgniter\soila\vendor\codeigniter4\framework\system\CodeIgniter.php(334): CodeIgniter\CodeIgniter->display404errors(Object(CodeIgniter\Exceptions\PageNotFoundException))
#8 D:\WEB SERVICES\WORKPLACE\CodeIgniter\soila\public\index.php(37): CodeIgniter\CodeIgniter->run()
#9 D:\WEB SERVICES\WORKPLACE\CodeIgniter\soila\vendor\codeigniter4\framework\system\Commands\Server\rewrite.php(43): require_once('D:\\WEB SERVICES...')
#10 {main}
CRITICAL - 2022-02-18 05:43:06 --> Undefined variable: title
#0 D:\WEB SERVICES\WORKPLACE\CodeIgniter\soila\app\Views\layouts\base.php(9): CodeIgniter\Debug\Exceptions->errorHandler(8, 'Undefined varia...', 'D:\\WEB SERVICES...', 9, Array)
#1 D:\WEB SERVICES\WORKPLACE\CodeIgniter\soila\vendor\codeigniter4\framework\system\View\View.php(210): include('D:\\WEB SERVICES...')
#2 D:\WEB SERVICES\WORKPLACE\CodeIgniter\soila\vendor\codeigniter4\framework\system\View\View.php(213): CodeIgniter\View\View->CodeIgniter\View\{closure}()
#3 D:\WEB SERVICES\WORKPLACE\CodeIgniter\soila\vendor\codeigniter4\framework\system\View\View.php(226): CodeIgniter\View\View->render('layouts/base', Array, true)
#4 D:\WEB SERVICES\WORKPLACE\CodeIgniter\soila\vendor\codeigniter4\framework\system\Common.php(1089): CodeIgniter\View\View->render('pages/error', Array, true)
#5 D:\WEB SERVICES\WORKPLACE\CodeIgniter\soila\app\Config\Routes.php(40): view('pages/error')
#6 D:\WEB SERVICES\WORKPLACE\CodeIgniter\soila\vendor\codeigniter4\framework\system\CodeIgniter.php(842): CodeIgniter\Router\RouteCollection->Config\{closure}('images')
#7 D:\WEB SERVICES\WORKPLACE\CodeIgniter\soila\vendor\codeigniter4\framework\system\CodeIgniter.php(334): CodeIgniter\CodeIgniter->display404errors(Object(CodeIgniter\Exceptions\PageNotFoundException))
#8 D:\WEB SERVICES\WORKPLACE\CodeIgniter\soila\public\index.php(37): CodeIgniter\CodeIgniter->run()
#9 D:\WEB SERVICES\WORKPLACE\CodeIgniter\soila\vendor\codeigniter4\framework\system\Commands\Server\rewrite.php(43): require_once('D:\\WEB SERVICES...')
#10 {main}
CRITICAL - 2022-02-18 05:43:06 --> Undefined variable: title
#0 D:\WEB SERVICES\WORKPLACE\CodeIgniter\soila\app\Views\layouts\base.php(9): CodeIgniter\Debug\Exceptions->errorHandler(8, 'Undefined varia...', 'D:\\WEB SERVICES...', 9, Array)
#1 D:\WEB SERVICES\WORKPLACE\CodeIgniter\soila\vendor\codeigniter4\framework\system\View\View.php(210): include('D:\\WEB SERVICES...')
#2 D:\WEB SERVICES\WORKPLACE\CodeIgniter\soila\vendor\codeigniter4\framework\system\View\View.php(213): CodeIgniter\View\View->CodeIgniter\View\{closure}()
#3 D:\WEB SERVICES\WORKPLACE\CodeIgniter\soila\vendor\codeigniter4\framework\system\View\View.php(226): CodeIgniter\View\View->render('layouts/base', Array, true)
#4 D:\WEB SERVICES\WORKPLACE\CodeIgniter\soila\vendor\codeigniter4\framework\system\Common.php(1089): CodeIgniter\View\View->render('pages/error', Array, true)
#5 D:\WEB SERVICES\WORKPLACE\CodeIgniter\soila\app\Config\Routes.php(40): view('pages/error')
#6 D:\WEB SERVICES\WORKPLACE\CodeIgniter\soila\vendor\codeigniter4\framework\system\CodeIgniter.php(842): CodeIgniter\Router\RouteCollection->Config\{closure}('images')
#7 D:\WEB SERVICES\WORKPLACE\CodeIgniter\soila\vendor\codeigniter4\framework\system\CodeIgniter.php(334): CodeIgniter\CodeIgniter->display404errors(Object(CodeIgniter\Exceptions\PageNotFoundException))
#8 D:\WEB SERVICES\WORKPLACE\CodeIgniter\soila\public\index.php(37): CodeIgniter\CodeIgniter->run()
#9 D:\WEB SERVICES\WORKPLACE\CodeIgniter\soila\vendor\codeigniter4\framework\system\Commands\Server\rewrite.php(43): require_once('D:\\WEB SERVICES...')
#10 {main}
CRITICAL - 2022-02-18 05:46:10 --> Undefined variable: title
#0 D:\WEB SERVICES\WORKPLACE\CodeIgniter\soila\app\Views\layouts\base.php(9): CodeIgniter\Debug\Exceptions->errorHandler(8, 'Undefined varia...', 'D:\\WEB SERVICES...', 9, Array)
#1 D:\WEB SERVICES\WORKPLACE\CodeIgniter\soila\vendor\codeigniter4\framework\system\View\View.php(210): include('D:\\WEB SERVICES...')
#2 D:\WEB SERVICES\WORKPLACE\CodeIgniter\soila\vendor\codeigniter4\framework\system\View\View.php(213): CodeIgniter\View\View->CodeIgniter\View\{closure}()
#3 D:\WEB SERVICES\WORKPLACE\CodeIgniter\soila\vendor\codeigniter4\framework\system\View\View.php(226): CodeIgniter\View\View->render('layouts/base', Array, true)
#4 D:\WEB SERVICES\WORKPLACE\CodeIgniter\soila\vendor\codeigniter4\framework\system\Common.php(1089): CodeIgniter\View\View->render('pages/error', Array, true)
#5 D:\WEB SERVICES\WORKPLACE\CodeIgniter\soila\app\Config\Routes.php(40): view('pages/error')
#6 D:\WEB SERVICES\WORKPLACE\CodeIgniter\soila\vendor\codeigniter4\framework\system\CodeIgniter.php(842): CodeIgniter\Router\RouteCollection->Config\{closure}('revolution')
#7 D:\WEB SERVICES\WORKPLACE\CodeIgniter\soila\vendor\codeigniter4\framework\system\CodeIgniter.php(334): CodeIgniter\CodeIgniter->display404errors(Object(CodeIgniter\Exceptions\PageNotFoundException))
#8 D:\WEB SERVICES\WORKPLACE\CodeIgniter\soila\public\index.php(37): CodeIgniter\CodeIgniter->run()
#9 D:\WEB SERVICES\WORKPLACE\CodeIgniter\soila\vendor\codeigniter4\framework\system\Commands\Server\rewrite.php(43): require_once('D:\\WEB SERVICES...')
#10 {main}
CRITICAL - 2022-02-18 05:46:10 --> Undefined variable: title
#0 D:\WEB SERVICES\WORKPLACE\CodeIgniter\soila\app\Views\layouts\base.php(9): CodeIgniter\Debug\Exceptions->errorHandler(8, 'Undefined varia...', 'D:\\WEB SERVICES...', 9, Array)
#1 D:\WEB SERVICES\WORKPLACE\CodeIgniter\soila\vendor\codeigniter4\framework\system\View\View.php(210): include('D:\\WEB SERVICES...')
#2 D:\WEB SERVICES\WORKPLACE\CodeIgniter\soila\vendor\codeigniter4\framework\system\View\View.php(213): CodeIgniter\View\View->CodeIgniter\View\{closure}()
#3 D:\WEB SERVICES\WORKPLACE\CodeIgniter\soila\vendor\codeigniter4\framework\system\View\View.php(226): CodeIgniter\View\View->render('layouts/base', Array, true)
#4 D:\WEB SERVICES\WORKPLACE\CodeIgniter\soila\vendor\codeigniter4\framework\system\Common.php(1089): CodeIgniter\View\View->render('pages/error', Array, true)
#5 D:\WEB SERVICES\WORKPLACE\CodeIgniter\soila\app\Config\Routes.php(40): view('pages/error')
#6 D:\WEB SERVICES\WORKPLACE\CodeIgniter\soila\vendor\codeigniter4\framework\system\CodeIgniter.php(842): CodeIgniter\Router\RouteCollection->Config\{closure}('images')
#7 D:\WEB SERVICES\WORKPLACE\CodeIgniter\soila\vendor\codeigniter4\framework\system\CodeIgniter.php(334): CodeIgniter\CodeIgniter->display404errors(Object(CodeIgniter\Exceptions\PageNotFoundException))
#8 D:\WEB SERVICES\WORKPLACE\CodeIgniter\soila\public\index.php(37): CodeIgniter\CodeIgniter->run()
#9 D:\WEB SERVICES\WORKPLACE\CodeIgniter\soila\vendor\codeigniter4\framework\system\Commands\Server\rewrite.php(43): require_once('D:\\WEB SERVICES...')
#10 {main}
CRITICAL - 2022-02-18 05:46:10 --> Undefined variable: title
#0 D:\WEB SERVICES\WORKPLACE\CodeIgniter\soila\app\Views\layouts\base.php(9): CodeIgniter\Debug\Exceptions->errorHandler(8, 'Undefined varia...', 'D:\\WEB SERVICES...', 9, Array)
#1 D:\WEB SERVICES\WORKPLACE\CodeIgniter\soila\vendor\codeigniter4\framework\system\View\View.php(210): include('D:\\WEB SERVICES...')
#2 D:\WEB SERVICES\WORKPLACE\CodeIgniter\soila\vendor\codeigniter4\framework\system\View\View.php(213): CodeIgniter\View\View->CodeIgniter\View\{closure}()
#3 D:\WEB SERVICES\WORKPLACE\CodeIgniter\soila\vendor\codeigniter4\framework\system\View\View.php(226): CodeIgniter\View\View->render('layouts/base', Array, true)
#4 D:\WEB SERVICES\WORKPLACE\CodeIgniter\soila\vendor\codeigniter4\framework\system\Common.php(1089): CodeIgniter\View\View->render('pages/error', Array, true)
#5 D:\WEB SERVICES\WORKPLACE\CodeIgniter\soila\app\Config\Routes.php(40): view('pages/error')
#6 D:\WEB SERVICES\WORKPLACE\CodeIgniter\soila\vendor\codeigniter4\framework\system\CodeIgniter.php(842): CodeIgniter\Router\RouteCollection->Config\{closure}('images')
#7 D:\WEB SERVICES\WORKPLACE\CodeIgniter\soila\vendor\codeigniter4\framework\system\CodeIgniter.php(334): CodeIgniter\CodeIgniter->display404errors(Object(CodeIgniter\Exceptions\PageNotFoundException))
#8 D:\WEB SERVICES\WORKPLACE\CodeIgniter\soila\public\index.php(37): CodeIgniter\CodeIgniter->run()
#9 D:\WEB SERVICES\WORKPLACE\CodeIgniter\soila\vendor\codeigniter4\framework\system\Commands\Server\rewrite.php(43): require_once('D:\\WEB SERVICES...')
#10 {main}
CRITICAL - 2022-02-18 05:46:10 --> Undefined variable: title
#0 D:\WEB SERVICES\WORKPLACE\CodeIgniter\soila\app\Views\layouts\base.php(9): CodeIgniter\Debug\Exceptions->errorHandler(8, 'Undefined varia...', 'D:\\WEB SERVICES...', 9, Array)
#1 D:\WEB SERVICES\WORKPLACE\CodeIgniter\soila\vendor\codeigniter4\framework\system\View\View.php(210): include('D:\\WEB SERVICES...')
#2 D:\WEB SERVICES\WORKPLACE\CodeIgniter\soila\vendor\codeigniter4\framework\system\View\View.php(213): CodeIgniter\View\View->CodeIgniter\View\{closure}()
#3 D:\WEB SERVICES\WORKPLACE\CodeIgniter\soila\vendor\codeigniter4\framework\system\View\View.php(226): CodeIgniter\View\View->render('layouts/base', Array, true)
#4 D:\WEB SERVICES\WORKPLACE\CodeIgniter\soila\vendor\codeigniter4\framework\system\Common.php(1089): CodeIgniter\View\View->render('pages/error', Array, true)
#5 D:\WEB SERVICES\WORKPLACE\CodeIgniter\soila\app\Config\Routes.php(40): view('pages/error')
#6 D:\WEB SERVICES\WORKPLACE\CodeIgniter\soila\vendor\codeigniter4\framework\system\CodeIgniter.php(842): CodeIgniter\Router\RouteCollection->Config\{closure}('images')
#7 D:\WEB SERVICES\WORKPLACE\CodeIgniter\soila\vendor\codeigniter4\framework\system\CodeIgniter.php(334): CodeIgniter\CodeIgniter->display404errors(Object(CodeIgniter\Exceptions\PageNotFoundException))
#8 D:\WEB SERVICES\WORKPLACE\CodeIgniter\soila\public\index.php(37): CodeIgniter\CodeIgniter->run()
#9 D:\WEB SERVICES\WORKPLACE\CodeIgniter\soila\vendor\codeigniter4\framework\system\Commands\Server\rewrite.php(43): require_once('D:\\WEB SERVICES...')
#10 {main}
CRITICAL - 2022-02-18 05:46:10 --> Undefined variable: title
#0 D:\WEB SERVICES\WORKPLACE\CodeIgniter\soila\app\Views\layouts\base.php(9): CodeIgniter\Debug\Exceptions->errorHandler(8, 'Undefined varia...', 'D:\\WEB SERVICES...', 9, Array)
#1 D:\WEB SERVICES\WORKPLACE\CodeIgniter\soila\vendor\codeigniter4\framework\system\View\View.php(210): include('D:\\WEB SERVICES...')
#2 D:\WEB SERVICES\WORKPLACE\CodeIgniter\soila\vendor\codeigniter4\framework\system\View\View.php(213): CodeIgniter\View\View->CodeIgniter\View\{closure}()
#3 D:\WEB SERVICES\WORKPLACE\CodeIgniter\soila\vendor\codeigniter4\framework\system\View\View.php(226): CodeIgniter\View\View->render('layouts/base', Array, true)
#4 D:\WEB SERVICES\WORKPLACE\CodeIgniter\soila\vendor\codeigniter4\framework\system\Common.php(1089): CodeIgniter\View\View->render('pages/error', Array, true)
#5 D:\WEB SERVICES\WORKPLACE\CodeIgniter\soila\app\Config\Routes.php(40): view('pages/error')
#6 D:\WEB SERVICES\WORKPLACE\CodeIgniter\soila\vendor\codeigniter4\framework\system\CodeIgniter.php(842): CodeIgniter\Router\RouteCollection->Config\{closure}('images')
#7 D:\WEB SERVICES\WORKPLACE\CodeIgniter\soila\vendor\codeigniter4\framework\system\CodeIgniter.php(334): CodeIgniter\CodeIgniter->display404errors(Object(CodeIgniter\Exceptions\PageNotFoundException))
#8 D:\WEB SERVICES\WORKPLACE\CodeIgniter\soila\public\index.php(37): CodeIgniter\CodeIgniter->run()
#9 D:\WEB SERVICES\WORKPLACE\CodeIgniter\soila\vendor\codeigniter4\framework\system\Commands\Server\rewrite.php(43): require_once('D:\\WEB SERVICES...')
#10 {main}
CRITICAL - 2022-02-18 05:46:10 --> Undefined variable: title
#0 D:\WEB SERVICES\WORKPLACE\CodeIgniter\soila\app\Views\layouts\base.php(9): CodeIgniter\Debug\Exceptions->errorHandler(8, 'Undefined varia...', 'D:\\WEB SERVICES...', 9, Array)
#1 D:\WEB SERVICES\WORKPLACE\CodeIgniter\soila\vendor\codeigniter4\framework\system\View\View.php(210): include('D:\\WEB SERVICES...')
#2 D:\WEB SERVICES\WORKPLACE\CodeIgniter\soila\vendor\codeigniter4\framework\system\View\View.php(213): CodeIgniter\View\View->CodeIgniter\View\{closure}()
#3 D:\WEB SERVICES\WORKPLACE\CodeIgniter\soila\vendor\codeigniter4\framework\system\View\View.php(226): CodeIgniter\View\View->render('layouts/base', Array, true)
#4 D:\WEB SERVICES\WORKPLACE\CodeIgniter\soila\vendor\codeigniter4\framework\system\Common.php(1089): CodeIgniter\View\View->render('pages/error', Array, true)
#5 D:\WEB SERVICES\WORKPLACE\CodeIgniter\soila\app\Config\Routes.php(40): view('pages/error')
#6 D:\WEB SERVICES\WORKPLACE\CodeIgniter\soila\vendor\codeigniter4\framework\system\CodeIgniter.php(842): CodeIgniter\Router\RouteCollection->Config\{closure}('revolution')
#7 D:\WEB SERVICES\WORKPLACE\CodeIgniter\soila\vendor\codeigniter4\framework\system\CodeIgniter.php(334): CodeIgniter\CodeIgniter->display404errors(Object(CodeIgniter\Exceptions\PageNotFoundException))
#8 D:\WEB SERVICES\WORKPLACE\CodeIgniter\soila\public\index.php(37): CodeIgniter\CodeIgniter->run()
#9 D:\WEB SERVICES\WORKPLACE\CodeIgniter\soila\vendor\codeigniter4\framework\system\Commands\Server\rewrite.php(43): require_once('D:\\WEB SERVICES...')
#10 {main}
CRITICAL - 2022-02-18 05:46:11 --> Undefined variable: title
#0 D:\WEB SERVICES\WORKPLACE\CodeIgniter\soila\app\Views\layouts\base.php(9): CodeIgniter\Debug\Exceptions->errorHandler(8, 'Undefined varia...', 'D:\\WEB SERVICES...', 9, Array)
#1 D:\WEB SERVICES\WORKPLACE\CodeIgniter\soila\vendor\codeigniter4\framework\system\View\View.php(210): include('D:\\WEB SERVICES...')
#2 D:\WEB SERVICES\WORKPLACE\CodeIgniter\soila\vendor\codeigniter4\framework\system\View\View.php(213): CodeIgniter\View\View->CodeIgniter\View\{closure}()
#3 D:\WEB SERVICES\WORKPLACE\CodeIgniter\soila\vendor\codeigniter4\framework\system\View\View.php(226): CodeIgniter\View\View->render('layouts/base', Array, true)
#4 D:\WEB SERVICES\WORKPLACE\CodeIgniter\soila\vendor\codeigniter4\framework\system\Common.php(1089): CodeIgniter\View\View->render('pages/error', Array, true)
#5 D:\WEB SERVICES\WORKPLACE\CodeIgniter\soila\app\Config\Routes.php(40): view('pages/error')
#6 D:\WEB SERVICES\WORKPLACE\CodeIgniter\soila\vendor\codeigniter4\framework\system\CodeIgniter.php(842): CodeIgniter\Router\RouteCollection->Config\{closure}('images')
#7 D:\WEB SERVICES\WORKPLACE\CodeIgniter\soila\vendor\codeigniter4\framework\system\CodeIgniter.php(334): CodeIgniter\CodeIgniter->display404errors(Object(CodeIgniter\Exceptions\PageNotFoundException))
#8 D:\WEB SERVICES\WORKPLACE\CodeIgniter\soila\public\index.php(37): CodeIgniter\CodeIgniter->run()
#9 D:\WEB SERVICES\WORKPLACE\CodeIgniter\soila\vendor\codeigniter4\framework\system\Commands\Server\rewrite.php(43): require_once('D:\\WEB SERVICES...')
#10 {main}
CRITICAL - 2022-02-18 05:46:11 --> Undefined variable: title
#0 D:\WEB SERVICES\WORKPLACE\CodeIgniter\soila\app\Views\layouts\base.php(9): CodeIgniter\Debug\Exceptions->errorHandler(8, 'Undefined varia...', 'D:\\WEB SERVICES...', 9, Array)
#1 D:\WEB SERVICES\WORKPLACE\CodeIgniter\soila\vendor\codeigniter4\framework\system\View\View.php(210): include('D:\\WEB SERVICES...')
#2 D:\WEB SERVICES\WORKPLACE\CodeIgniter\soila\vendor\codeigniter4\framework\system\View\View.php(213): CodeIgniter\View\View->CodeIgniter\View\{closure}()
#3 D:\WEB SERVICES\WORKPLACE\CodeIgniter\soila\vendor\codeigniter4\framework\system\View\View.php(226): CodeIgniter\View\View->render('layouts/base', Array, true)
#4 D:\WEB SERVICES\WORKPLACE\CodeIgniter\soila\vendor\codeigniter4\framework\system\Common.php(1089): CodeIgniter\View\View->render('pages/error', Array, true)
#5 D:\WEB SERVICES\WORKPLACE\CodeIgniter\soila\app\Config\Routes.php(40): view('pages/error')
#6 D:\WEB SERVICES\WORKPLACE\CodeIgniter\soila\vendor\codeigniter4\framework\system\CodeIgniter.php(842): CodeIgniter\Router\RouteCollection->Config\{closure}('images')
#7 D:\WEB SERVICES\WORKPLACE\CodeIgniter\soila\vendor\codeigniter4\framework\system\CodeIgniter.php(334): CodeIgniter\CodeIgniter->display404errors(Object(CodeIgniter\Exceptions\PageNotFoundException))
#8 D:\WEB SERVICES\WORKPLACE\CodeIgniter\soila\public\index.php(37): CodeIgniter\CodeIgniter->run()
#9 D:\WEB SERVICES\WORKPLACE\CodeIgniter\soila\vendor\codeigniter4\framework\system\Commands\Server\rewrite.php(43): require_once('D:\\WEB SERVICES...')
#10 {main}
CRITICAL - 2022-02-18 05:46:11 --> Undefined variable: title
#0 D:\WEB SERVICES\WORKPLACE\CodeIgniter\soila\app\Views\layouts\base.php(9): CodeIgniter\Debug\Exceptions->errorHandler(8, 'Undefined varia...', 'D:\\WEB SERVICES...', 9, Array)
#1 D:\WEB SERVICES\WORKPLACE\CodeIgniter\soila\vendor\codeigniter4\framework\system\View\View.php(210): include('D:\\WEB SERVICES...')
#2 D:\WEB SERVICES\WORKPLACE\CodeIgniter\soila\vendor\codeigniter4\framework\system\View\View.php(213): CodeIgniter\View\View->CodeIgniter\View\{closure}()
#3 D:\WEB SERVICES\WORKPLACE\CodeIgniter\soila\vendor\codeigniter4\framework\system\View\View.php(226): CodeIgniter\View\View->render('layouts/base', Array, true)
#4 D:\WEB SERVICES\WORKPLACE\CodeIgniter\soila\vendor\codeigniter4\framework\system\Common.php(1089): CodeIgniter\View\View->render('pages/error', Array, true)
#5 D:\WEB SERVICES\WORKPLACE\CodeIgniter\soila\app\Config\Routes.php(40): view('pages/error')
#6 D:\WEB SERVICES\WORKPLACE\CodeIgniter\soila\vendor\codeigniter4\framework\system\CodeIgniter.php(842): CodeIgniter\Router\RouteCollection->Config\{closure}('images')
#7 D:\WEB SERVICES\WORKPLACE\CodeIgniter\soila\vendor\codeigniter4\framework\system\CodeIgniter.php(334): CodeIgniter\CodeIgniter->display404errors(Object(CodeIgniter\Exceptions\PageNotFoundException))
#8 D:\WEB SERVICES\WORKPLACE\CodeIgniter\soila\public\index.php(37): CodeIgniter\CodeIgniter->run()
#9 D:\WEB SERVICES\WORKPLACE\CodeIgniter\soila\vendor\codeigniter4\framework\system\Commands\Server\rewrite.php(43): require_once('D:\\WEB SERVICES...')
#10 {main}
CRITICAL - 2022-02-18 05:46:16 --> Undefined variable: title
#0 D:\WEB SERVICES\WORKPLACE\CodeIgniter\soila\app\Views\layouts\base.php(9): CodeIgniter\Debug\Exceptions->errorHandler(8, 'Undefined varia...', 'D:\\WEB SERVICES...', 9, Array)
#1 D:\WEB SERVICES\WORKPLACE\CodeIgniter\soila\vendor\codeigniter4\framework\system\View\View.php(210): include('D:\\WEB SERVICES...')
#2 D:\WEB SERVICES\WORKPLACE\CodeIgniter\soila\vendor\codeigniter4\framework\system\View\View.php(213): CodeIgniter\View\View->CodeIgniter\View\{closure}()
#3 D:\WEB SERVICES\WORKPLACE\CodeIgniter\soila\vendor\codeigniter4\framework\system\View\View.php(226): CodeIgniter\View\View->render('layouts/base', Array, true)
#4 D:\WEB SERVICES\WORKPLACE\CodeIgniter\soila\vendor\codeigniter4\framework\system\Common.php(1089): CodeIgniter\View\View->render('pages/error', Array, true)
#5 D:\WEB SERVICES\WORKPLACE\CodeIgniter\soila\app\Config\Routes.php(40): view('pages/error')
#6 D:\WEB SERVICES\WORKPLACE\CodeIgniter\soila\vendor\codeigniter4\framework\system\CodeIgniter.php(842): CodeIgniter\Router\RouteCollection->Config\{closure}('agriculture-loa...')
#7 D:\WEB SERVICES\WORKPLACE\CodeIgniter\soila\vendor\codeigniter4\framework\system\CodeIgniter.php(334): CodeIgniter\CodeIgniter->display404errors(Object(CodeIgniter\Exceptions\PageNotFoundException))
#8 D:\WEB SERVICES\WORKPLACE\CodeIgniter\soila\public\index.php(37): CodeIgniter\CodeIgniter->run()
#9 D:\WEB SERVICES\WORKPLACE\CodeIgniter\soila\vendor\codeigniter4\framework\system\Commands\Server\rewrite.php(43): require_once('D:\\WEB SERVICES...')
#10 {main}
CRITICAL - 2022-02-18 05:48:19 --> Undefined variable: title
#0 D:\WEB SERVICES\WORKPLACE\CodeIgniter\soila\app\Views\layouts\base.php(9): CodeIgniter\Debug\Exceptions->errorHandler(8, 'Undefined varia...', 'D:\\WEB SERVICES...', 9, Array)
#1 D:\WEB SERVICES\WORKPLACE\CodeIgniter\soila\vendor\codeigniter4\framework\system\View\View.php(210): include('D:\\WEB SERVICES...')
#2 D:\WEB SERVICES\WORKPLACE\CodeIgniter\soila\vendor\codeigniter4\framework\system\View\View.php(213): CodeIgniter\View\View->CodeIgniter\View\{closure}()
#3 D:\WEB SERVICES\WORKPLACE\CodeIgniter\soila\vendor\codeigniter4\framework\system\View\View.php(226): CodeIgniter\View\View->render('layouts/base', Array, true)
#4 D:\WEB SERVICES\WORKPLACE\CodeIgniter\soila\vendor\codeigniter4\framework\system\Common.php(1089): CodeIgniter\View\View->render('pages/error', Array, true)
#5 D:\WEB SERVICES\WORKPLACE\CodeIgniter\soila\app\Config\Routes.php(40): view('pages/error')
#6 D:\WEB SERVICES\WORKPLACE\CodeIgniter\soila\vendor\codeigniter4\framework\system\CodeIgniter.php(842): CodeIgniter\Router\RouteCollection->Config\{closure}('images')
#7 D:\WEB SERVICES\WORKPLACE\CodeIgniter\soila\vendor\codeigniter4\framework\system\CodeIgniter.php(334): CodeIgniter\CodeIgniter->display404errors(Object(CodeIgniter\Exceptions\PageNotFoundException))
#8 D:\WEB SERVICES\WORKPLACE\CodeIgniter\soila\public\index.php(37): CodeIgniter\CodeIgniter->run()
#9 D:\WEB SERVICES\WORKPLACE\CodeIgniter\soila\vendor\codeigniter4\framework\system\Commands\Server\rewrite.php(43): require_once('D:\\WEB SERVICES...')
#10 {main}
CRITICAL - 2022-02-18 05:48:19 --> Undefined variable: title
#0 D:\WEB SERVICES\WORKPLACE\CodeIgniter\soila\app\Views\layouts\base.php(9): CodeIgniter\Debug\Exceptions->errorHandler(8, 'Undefined varia...', 'D:\\WEB SERVICES...', 9, Array)
#1 D:\WEB SERVICES\WORKPLACE\CodeIgniter\soila\vendor\codeigniter4\framework\system\View\View.php(210): include('D:\\WEB SERVICES...')
#2 D:\WEB SERVICES\WORKPLACE\CodeIgniter\soila\vendor\codeigniter4\framework\system\View\View.php(213): CodeIgniter\View\View->CodeIgniter\View\{closure}()
#3 D:\WEB SERVICES\WORKPLACE\CodeIgniter\soila\vendor\codeigniter4\framework\system\View\View.php(226): CodeIgniter\View\View->render('layouts/base', Array, true)
#4 D:\WEB SERVICES\WORKPLACE\CodeIgniter\soila\vendor\codeigniter4\framework\system\Common.php(1089): CodeIgniter\View\View->render('pages/error', Array, true)
#5 D:\WEB SERVICES\WORKPLACE\CodeIgniter\soila\app\Config\Routes.php(40): view('pages/error')
#6 D:\WEB SERVICES\WORKPLACE\CodeIgniter\soila\vendor\codeigniter4\framework\system\CodeIgniter.php(842): CodeIgniter\Router\RouteCollection->Config\{closure}('images')
#7 D:\WEB SERVICES\WORKPLACE\CodeIgniter\soila\vendor\codeigniter4\framework\system\CodeIgniter.php(334): CodeIgniter\CodeIgniter->display404errors(Object(CodeIgniter\Exceptions\PageNotFoundException))
#8 D:\WEB SERVICES\WORKPLACE\CodeIgniter\soila\public\index.php(37): CodeIgniter\CodeIgniter->run()
#9 D:\WEB SERVICES\WORKPLACE\CodeIgniter\soila\vendor\codeigniter4\framework\system\Commands\Server\rewrite.php(43): require_once('D:\\WEB SERVICES...')
#10 {main}
CRITICAL - 2022-02-18 05:48:19 --> Undefined variable: title
#0 D:\WEB SERVICES\WORKPLACE\CodeIgniter\soila\app\Views\layouts\base.php(9): CodeIgniter\Debug\Exceptions->errorHandler(8, 'Undefined varia...', 'D:\\WEB SERVICES...', 9, Array)
#1 D:\WEB SERVICES\WORKPLACE\CodeIgniter\soila\vendor\codeigniter4\framework\system\View\View.php(210): include('D:\\WEB SERVICES...')
#2 D:\WEB SERVICES\WORKPLACE\CodeIgniter\soila\vendor\codeigniter4\framework\system\View\View.php(213): CodeIgniter\View\View->CodeIgniter\View\{closure}()
#3 D:\WEB SERVICES\WORKPLACE\CodeIgniter\soila\vendor\codeigniter4\framework\system\View\View.php(226): CodeIgniter\View\View->render('layouts/base', Array, true)
#4 D:\WEB SERVICES\WORKPLACE\CodeIgniter\soila\vendor\codeigniter4\framework\system\Common.php(1089): CodeIgniter\View\View->render('pages/error', Array, true)
#5 D:\WEB SERVICES\WORKPLACE\CodeIgniter\soila\app\Config\Routes.php(40): view('pages/error')
#6 D:\WEB SERVICES\WORKPLACE\CodeIgniter\soila\vendor\codeigniter4\framework\system\CodeIgniter.php(842): CodeIgniter\Router\RouteCollection->Config\{closure}('images')
#7 D:\WEB SERVICES\WORKPLACE\CodeIgniter\soila\vendor\codeigniter4\framework\system\CodeIgniter.php(334): CodeIgniter\CodeIgniter->display404errors(Object(CodeIgniter\Exceptions\PageNotFoundException))
#8 D:\WEB SERVICES\WORKPLACE\CodeIgniter\soila\public\index.php(37): CodeIgniter\CodeIgniter->run()
#9 D:\WEB SERVICES\WORKPLACE\CodeIgniter\soila\vendor\codeigniter4\framework\system\Commands\Server\rewrite.php(43): require_once('D:\\WEB SERVICES...')
#10 {main}
CRITICAL - 2022-02-18 05:51:52 --> Undefined variable: title
#0 D:\WEB SERVICES\WORKPLACE\CodeIgniter\soila\app\Views\layouts\base.php(9): CodeIgniter\Debug\Exceptions->errorHandler(8, 'Undefined varia...', 'D:\\WEB SERVICES...', 9, Array)
#1 D:\WEB SERVICES\WORKPLACE\CodeIgniter\soila\vendor\codeigniter4\framework\system\View\View.php(210): include('D:\\WEB SERVICES...')
#2 D:\WEB SERVICES\WORKPLACE\CodeIgniter\soila\vendor\codeigniter4\framework\system\View\View.php(213): CodeIgniter\View\View->CodeIgniter\View\{closure}()
#3 D:\WEB SERVICES\WORKPLACE\CodeIgniter\soila\vendor\codeigniter4\framework\system\View\View.php(226): CodeIgniter\View\View->render('layouts/base', Array, true)
#4 D:\WEB SERVICES\WORKPLACE\CodeIgniter\soila\vendor\codeigniter4\framework\system\Common.php(1089): CodeIgniter\View\View->render('pages/error', Array, true)
#5 D:\WEB SERVICES\WORKPLACE\CodeIgniter\soila\app\Config\Routes.php(40): view('pages/error')
#6 D:\WEB SERVICES\WORKPLACE\CodeIgniter\soila\vendor\codeigniter4\framework\system\CodeIgniter.php(842): CodeIgniter\Router\RouteCollection->Config\{closure}('images')
#7 D:\WEB SERVICES\WORKPLACE\CodeIgniter\soila\vendor\codeigniter4\framework\system\CodeIgniter.php(334): CodeIgniter\CodeIgniter->display404errors(Object(CodeIgniter\Exceptions\PageNotFoundException))
#8 D:\WEB SERVICES\WORKPLACE\CodeIgniter\soila\public\index.php(37): CodeIgniter\CodeIgniter->run()
#9 D:\WEB SERVICES\WORKPLACE\CodeIgniter\soila\vendor\codeigniter4\framework\system\Commands\Server\rewrite.php(43): require_once('D:\\WEB SERVICES...')
#10 {main}
CRITICAL - 2022-02-18 05:51:52 --> Undefined variable: title
#0 D:\WEB SERVICES\WORKPLACE\CodeIgniter\soila\app\Views\layouts\base.php(9): CodeIgniter\Debug\Exceptions->errorHandler(8, 'Undefined varia...', 'D:\\WEB SERVICES...', 9, Array)
#1 D:\WEB SERVICES\WORKPLACE\CodeIgniter\soila\vendor\codeigniter4\framework\system\View\View.php(210): include('D:\\WEB SERVICES...')
#2 D:\WEB SERVICES\WORKPLACE\CodeIgniter\soila\vendor\codeigniter4\framework\system\View\View.php(213): CodeIgniter\View\View->CodeIgniter\View\{closure}()
#3 D:\WEB SERVICES\WORKPLACE\CodeIgniter\soila\vendor\codeigniter4\framework\system\View\View.php(226): CodeIgniter\View\View->render('layouts/base', Array, true)
#4 D:\WEB SERVICES\WORKPLACE\CodeIgniter\soila\vendor\codeigniter4\framework\system\Common.php(1089): CodeIgniter\View\View->render('pages/error', Array, true)
#5 D:\WEB SERVICES\WORKPLACE\CodeIgniter\soila\app\Config\Routes.php(40): view('pages/error')
#6 D:\WEB SERVICES\WORKPLACE\CodeIgniter\soila\vendor\codeigniter4\framework\system\CodeIgniter.php(842): CodeIgniter\Router\RouteCollection->Config\{closure}('images')
#7 D:\WEB SERVICES\WORKPLACE\CodeIgniter\soila\vendor\codeigniter4\framework\system\CodeIgniter.php(334): CodeIgniter\CodeIgniter->display404errors(Object(CodeIgniter\Exceptions\PageNotFoundException))
#8 D:\WEB SERVICES\WORKPLACE\CodeIgniter\soila\public\index.php(37): CodeIgniter\CodeIgniter->run()
#9 D:\WEB SERVICES\WORKPLACE\CodeIgniter\soila\vendor\codeigniter4\framework\system\Commands\Server\rewrite.php(43): require_once('D:\\WEB SERVICES...')
#10 {main}
CRITICAL - 2022-02-18 05:51:52 --> Undefined variable: title
#0 D:\WEB SERVICES\WORKPLACE\CodeIgniter\soila\app\Views\layouts\base.php(9): CodeIgniter\Debug\Exceptions->errorHandler(8, 'Undefined varia...', 'D:\\WEB SERVICES...', 9, Array)
#1 D:\WEB SERVICES\WORKPLACE\CodeIgniter\soila\vendor\codeigniter4\framework\system\View\View.php(210): include('D:\\WEB SERVICES...')
#2 D:\WEB SERVICES\WORKPLACE\CodeIgniter\soila\vendor\codeigniter4\framework\system\View\View.php(213): CodeIgniter\View\View->CodeIgniter\View\{closure}()
#3 D:\WEB SERVICES\WORKPLACE\CodeIgniter\soila\vendor\codeigniter4\framework\system\View\View.php(226): CodeIgniter\View\View->render('layouts/base', Array, true)
#4 D:\WEB SERVICES\WORKPLACE\CodeIgniter\soila\vendor\codeigniter4\framework\system\Common.php(1089): CodeIgniter\View\View->render('pages/error', Array, true)
#5 D:\WEB SERVICES\WORKPLACE\CodeIgniter\soila\app\Config\Routes.php(40): view('pages/error')
#6 D:\WEB SERVICES\WORKPLACE\CodeIgniter\soila\vendor\codeigniter4\framework\system\CodeIgniter.php(842): CodeIgniter\Router\RouteCollection->Config\{closure}('images')
#7 D:\WEB SERVICES\WORKPLACE\CodeIgniter\soila\vendor\codeigniter4\framework\system\CodeIgniter.php(334): CodeIgniter\CodeIgniter->display404errors(Object(CodeIgniter\Exceptions\PageNotFoundException))
#8 D:\WEB SERVICES\WORKPLACE\CodeIgniter\soila\public\index.php(37): CodeIgniter\CodeIgniter->run()
#9 D:\WEB SERVICES\WORKPLACE\CodeIgniter\soila\vendor\codeigniter4\framework\system\Commands\Server\rewrite.php(43): require_once('D:\\WEB SERVICES...')
#10 {main}
CRITICAL - 2022-02-18 05:51:56 --> Undefined variable: title
#0 D:\WEB SERVICES\WORKPLACE\CodeIgniter\soila\app\Views\layouts\base.php(9): CodeIgniter\Debug\Exceptions->errorHandler(8, 'Undefined varia...', 'D:\\WEB SERVICES...', 9, Array)
#1 D:\WEB SERVICES\WORKPLACE\CodeIgniter\soila\vendor\codeigniter4\framework\system\View\View.php(210): include('D:\\WEB SERVICES...')
#2 D:\WEB SERVICES\WORKPLACE\CodeIgniter\soila\vendor\codeigniter4\framework\system\View\View.php(213): CodeIgniter\View\View->CodeIgniter\View\{closure}()
#3 D:\WEB SERVICES\WORKPLACE\CodeIgniter\soila\vendor\codeigniter4\framework\system\View\View.php(226): CodeIgniter\View\View->render('layouts/base', Array, true)
#4 D:\WEB SERVICES\WORKPLACE\CodeIgniter\soila\vendor\codeigniter4\framework\system\Common.php(1089): CodeIgniter\View\View->render('pages/error', Array, true)
#5 D:\WEB SERVICES\WORKPLACE\CodeIgniter\soila\app\Config\Routes.php(40): view('pages/error')
#6 D:\WEB SERVICES\WORKPLACE\CodeIgniter\soila\vendor\codeigniter4\framework\system\CodeIgniter.php(842): CodeIgniter\Router\RouteCollection->Config\{closure}('images')
#7 D:\WEB SERVICES\WORKPLACE\CodeIgniter\soila\vendor\codeigniter4\framework\system\CodeIgniter.php(334): CodeIgniter\CodeIgniter->display404errors(Object(CodeIgniter\Exceptions\PageNotFoundException))
#8 D:\WEB SERVICES\WORKPLACE\CodeIgniter\soila\public\index.php(37): CodeIgniter\CodeIgniter->run()
#9 D:\WEB SERVICES\WORKPLACE\CodeIgniter\soila\vendor\codeigniter4\framework\system\Commands\Server\rewrite.php(43): require_once('D:\\WEB SERVICES...')
#10 {main}
CRITICAL - 2022-02-18 05:51:56 --> Undefined variable: title
#0 D:\WEB SERVICES\WORKPLACE\CodeIgniter\soila\app\Views\layouts\base.php(9): CodeIgniter\Debug\Exceptions->errorHandler(8, 'Undefined varia...', 'D:\\WEB SERVICES...', 9, Array)
#1 D:\WEB SERVICES\WORKPLACE\CodeIgniter\soila\vendor\codeigniter4\framework\system\View\View.php(210): include('D:\\WEB SERVICES...')
#2 D:\WEB SERVICES\WORKPLACE\CodeIgniter\soila\vendor\codeigniter4\framework\system\View\View.php(213): CodeIgniter\View\View->CodeIgniter\View\{closure}()
#3 D:\WEB SERVICES\WORKPLACE\CodeIgniter\soila\vendor\codeigniter4\framework\system\View\View.php(226): CodeIgniter\View\View->render('layouts/base', Array, true)
#4 D:\WEB SERVICES\WORKPLACE\CodeIgniter\soila\vendor\codeigniter4\framework\system\Common.php(1089): CodeIgniter\View\View->render('pages/error', Array, true)
#5 D:\WEB SERVICES\WORKPLACE\CodeIgniter\soila\app\Config\Routes.php(40): view('pages/error')
#6 D:\WEB SERVICES\WORKPLACE\CodeIgniter\soila\vendor\codeigniter4\framework\system\CodeIgniter.php(842): CodeIgniter\Router\RouteCollection->Config\{closure}('images')
#7 D:\WEB SERVICES\WORKPLACE\CodeIgniter\soila\vendor\codeigniter4\framework\system\CodeIgniter.php(334): CodeIgniter\CodeIgniter->display404errors(Object(CodeIgniter\Exceptions\PageNotFoundException))
#8 D:\WEB SERVICES\WORKPLACE\CodeIgniter\soila\public\index.php(37): CodeIgniter\CodeIgniter->run()
#9 D:\WEB SERVICES\WORKPLACE\CodeIgniter\soila\vendor\codeigniter4\framework\system\Commands\Server\rewrite.php(43): require_once('D:\\WEB SERVICES...')
#10 {main}
CRITICAL - 2022-02-18 05:51:56 --> Undefined variable: title
#0 D:\WEB SERVICES\WORKPLACE\CodeIgniter\soila\app\Views\layouts\base.php(9): CodeIgniter\Debug\Exceptions->errorHandler(8, 'Undefined varia...', 'D:\\WEB SERVICES...', 9, Array)
#1 D:\WEB SERVICES\WORKPLACE\CodeIgniter\soila\vendor\codeigniter4\framework\system\View\View.php(210): include('D:\\WEB SERVICES...')
#2 D:\WEB SERVICES\WORKPLACE\CodeIgniter\soila\vendor\codeigniter4\framework\system\View\View.php(213): CodeIgniter\View\View->CodeIgniter\View\{closure}()
#3 D:\WEB SERVICES\WORKPLACE\CodeIgniter\soila\vendor\codeigniter4\framework\system\View\View.php(226): CodeIgniter\View\View->render('layouts/base', Array, true)
#4 D:\WEB SERVICES\WORKPLACE\CodeIgniter\soila\vendor\codeigniter4\framework\system\Common.php(1089): CodeIgniter\View\View->render('pages/error', Array, true)
#5 D:\WEB SERVICES\WORKPLACE\CodeIgniter\soila\app\Config\Routes.php(40): view('pages/error')
#6 D:\WEB SERVICES\WORKPLACE\CodeIgniter\soila\vendor\codeigniter4\framework\system\CodeIgniter.php(842): CodeIgniter\Router\RouteCollection->Config\{closure}('images')
#7 D:\WEB SERVICES\WORKPLACE\CodeIgniter\soila\vendor\codeigniter4\framework\system\CodeIgniter.php(334): CodeIgniter\CodeIgniter->display404errors(Object(CodeIgniter\Exceptions\PageNotFoundException))
#8 D:\WEB SERVICES\WORKPLACE\CodeIgniter\soila\public\index.php(37): CodeIgniter\CodeIgniter->run()
#9 D:\WEB SERVICES\WORKPLACE\CodeIgniter\soila\vendor\codeigniter4\framework\system\Commands\Server\rewrite.php(43): require_once('D:\\WEB SERVICES...')
#10 {main}
CRITICAL - 2022-02-18 05:52:06 --> Undefined variable: title
#0 D:\WEB SERVICES\WORKPLACE\CodeIgniter\soila\app\Views\layouts\base.php(9): CodeIgniter\Debug\Exceptions->errorHandler(8, 'Undefined varia...', 'D:\\WEB SERVICES...', 9, Array)
#1 D:\WEB SERVICES\WORKPLACE\CodeIgniter\soila\vendor\codeigniter4\framework\system\View\View.php(210): include('D:\\WEB SERVICES...')
#2 D:\WEB SERVICES\WORKPLACE\CodeIgniter\soila\vendor\codeigniter4\framework\system\View\View.php(213): CodeIgniter\View\View->CodeIgniter\View\{closure}()
#3 D:\WEB SERVICES\WORKPLACE\CodeIgniter\soila\vendor\codeigniter4\framework\system\View\View.php(226): CodeIgniter\View\View->render('layouts/base', Array, true)
#4 D:\WEB SERVICES\WORKPLACE\CodeIgniter\soila\vendor\codeigniter4\framework\system\Common.php(1089): CodeIgniter\View\View->render('pages/error', Array, true)
#5 D:\WEB SERVICES\WORKPLACE\CodeIgniter\soila\app\Config\Routes.php(40): view('pages/error')
#6 D:\WEB SERVICES\WORKPLACE\CodeIgniter\soila\vendor\codeigniter4\framework\system\CodeIgniter.php(842): CodeIgniter\Router\RouteCollection->Config\{closure}('js')
#7 D:\WEB SERVICES\WORKPLACE\CodeIgniter\soila\vendor\codeigniter4\framework\system\CodeIgniter.php(334): CodeIgniter\CodeIgniter->display404errors(Object(CodeIgniter\Exceptions\PageNotFoundException))
#8 D:\WEB SERVICES\WORKPLACE\CodeIgniter\soila\public\index.php(37): CodeIgniter\CodeIgniter->run()
#9 D:\WEB SERVICES\WORKPLACE\CodeIgniter\soila\vendor\codeigniter4\framework\system\Commands\Server\rewrite.php(43): require_once('D:\\WEB SERVICES...')
#10 {main}
CRITICAL - 2022-02-18 05:52:06 --> Undefined variable: title
#0 D:\WEB SERVICES\WORKPLACE\CodeIgniter\soila\app\Views\layouts\base.php(9): CodeIgniter\Debug\Exceptions->errorHandler(8, 'Undefined varia...', 'D:\\WEB SERVICES...', 9, Array)
#1 D:\WEB SERVICES\WORKPLACE\CodeIgniter\soila\vendor\codeigniter4\framework\system\View\View.php(210): include('D:\\WEB SERVICES...')
#2 D:\WEB SERVICES\WORKPLACE\CodeIgniter\soila\vendor\codeigniter4\framework\system\View\View.php(213): CodeIgniter\View\View->CodeIgniter\View\{closure}()
#3 D:\WEB SERVICES\WORKPLACE\CodeIgniter\soila\vendor\codeigniter4\framework\system\View\View.php(226): CodeIgniter\View\View->render('layouts/base', Array, true)
#4 D:\WEB SERVICES\WORKPLACE\CodeIgniter\soila\vendor\codeigniter4\framework\system\Common.php(1089): CodeIgniter\View\View->render('pages/error', Array, true)
#5 D:\WEB SERVICES\WORKPLACE\CodeIgniter\soila\app\Config\Routes.php(40): view('pages/error')
#6 D:\WEB SERVICES\WORKPLACE\CodeIgniter\soila\vendor\codeigniter4\framework\system\CodeIgniter.php(842): CodeIgniter\Router\RouteCollection->Config\{closure}('css')
#7 D:\WEB SERVICES\WORKPLACE\CodeIgniter\soila\vendor\codeigniter4\framework\system\CodeIgniter.php(334): CodeIgniter\CodeIgniter->display404errors(Object(CodeIgniter\Exceptions\PageNotFoundException))
#8 D:\WEB SERVICES\WORKPLACE\CodeIgniter\soila\public\index.php(37): CodeIgniter\CodeIgniter->run()
#9 D:\WEB SERVICES\WORKPLACE\CodeIgniter\soila\vendor\codeigniter4\framework\system\Commands\Server\rewrite.php(43): require_once('D:\\WEB SERVICES...')
#10 {main}
CRITICAL - 2022-02-18 05:59:22 --> Undefined variable: title
#0 D:\WEB SERVICES\WORKPLACE\CodeIgniter\soila\app\Views\layouts\base.php(9): CodeIgniter\Debug\Exceptions->errorHandler(8, 'Undefined varia...', 'D:\\WEB SERVICES...', 9, Array)
#1 D:\WEB SERVICES\WORKPLACE\CodeIgniter\soila\vendor\codeigniter4\framework\system\View\View.php(210): include('D:\\WEB SERVICES...')
#2 D:\WEB SERVICES\WORKPLACE\CodeIgniter\soila\vendor\codeigniter4\framework\system\View\View.php(213): CodeIgniter\View\View->CodeIgniter\View\{closure}()
#3 D:\WEB SERVICES\WORKPLACE\CodeIgniter\soila\vendor\codeigniter4\framework\system\View\View.php(226): CodeIgniter\View\View->render('layouts/base', Array, true)
#4 D:\WEB SERVICES\WORKPLACE\CodeIgniter\soila\vendor\codeigniter4\framework\system\Common.php(1089): CodeIgniter\View\View->render('pages/error', Array, true)
#5 D:\WEB SERVICES\WORKPLACE\CodeIgniter\soila\app\Config\Routes.php(40): view('pages/error')
#6 D:\WEB SERVICES\WORKPLACE\CodeIgniter\soila\vendor\codeigniter4\framework\system\CodeIgniter.php(842): CodeIgniter\Router\RouteCollection->Config\{closure}('images')
#7 D:\WEB SERVICES\WORKPLACE\CodeIgniter\soila\vendor\codeigniter4\framework\system\CodeIgniter.php(334): CodeIgniter\CodeIgniter->display404errors(Object(CodeIgniter\Exceptions\PageNotFoundException))
#8 D:\WEB SERVICES\WORKPLACE\CodeIgniter\soila\public\index.php(37): CodeIgniter\CodeIgniter->run()
#9 D:\WEB SERVICES\WORKPLACE\CodeIgniter\soila\vendor\codeigniter4\framework\system\Commands\Server\rewrite.php(43): require_once('D:\\WEB SERVICES...')
#10 {main}
CRITICAL - 2022-02-18 05:59:22 --> Undefined variable: title
#0 D:\WEB SERVICES\WORKPLACE\CodeIgniter\soila\app\Views\layouts\base.php(9): CodeIgniter\Debug\Exceptions->errorHandler(8, 'Undefined varia...', 'D:\\WEB SERVICES...', 9, Array)
#1 D:\WEB SERVICES\WORKPLACE\CodeIgniter\soila\vendor\codeigniter4\framework\system\View\View.php(210): include('D:\\WEB SERVICES...')
#2 D:\WEB SERVICES\WORKPLACE\CodeIgniter\soila\vendor\codeigniter4\framework\system\View\View.php(213): CodeIgniter\View\View->CodeIgniter\View\{closure}()
#3 D:\WEB SERVICES\WORKPLACE\CodeIgniter\soila\vendor\codeigniter4\framework\system\View\View.php(226): CodeIgniter\View\View->render('layouts/base', Array, true)
#4 D:\WEB SERVICES\WORKPLACE\CodeIgniter\soila\vendor\codeigniter4\framework\system\Common.php(1089): CodeIgniter\View\View->render('pages/error', Array, true)
#5 D:\WEB SERVICES\WORKPLACE\CodeIgniter\soila\app\Config\Routes.php(40): view('pages/error')
#6 D:\WEB SERVICES\WORKPLACE\CodeIgniter\soila\vendor\codeigniter4\framework\system\CodeIgniter.php(842): CodeIgniter\Router\RouteCollection->Config\{closure}('images')
#7 D:\WEB SERVICES\WORKPLACE\CodeIgniter\soila\vendor\codeigniter4\framework\system\CodeIgniter.php(334): CodeIgniter\CodeIgniter->display404errors(Object(CodeIgniter\Exceptions\PageNotFoundException))
#8 D:\WEB SERVICES\WORKPLACE\CodeIgniter\soila\public\index.php(37): CodeIgniter\CodeIgniter->run()
#9 D:\WEB SERVICES\WORKPLACE\CodeIgniter\soila\vendor\codeigniter4\framework\system\Commands\Server\rewrite.php(43): require_once('D:\\WEB SERVICES...')
#10 {main}
CRITICAL - 2022-02-18 05:59:22 --> Undefined variable: title
#0 D:\WEB SERVICES\WORKPLACE\CodeIgniter\soila\app\Views\layouts\base.php(9): CodeIgniter\Debug\Exceptions->errorHandler(8, 'Undefined varia...', 'D:\\WEB SERVICES...', 9, Array)
#1 D:\WEB SERVICES\WORKPLACE\CodeIgniter\soila\vendor\codeigniter4\framework\system\View\View.php(210): include('D:\\WEB SERVICES...')
#2 D:\WEB SERVICES\WORKPLACE\CodeIgniter\soila\vendor\codeigniter4\framework\system\View\View.php(213): CodeIgniter\View\View->CodeIgniter\View\{closure}()
#3 D:\WEB SERVICES\WORKPLACE\CodeIgniter\soila\vendor\codeigniter4\framework\system\View\View.php(226): CodeIgniter\View\View->render('layouts/base', Array, true)
#4 D:\WEB SERVICES\WORKPLACE\CodeIgniter\soila\vendor\codeigniter4\framework\system\Common.php(1089): CodeIgniter\View\View->render('pages/error', Array, true)
#5 D:\WEB SERVICES\WORKPLACE\CodeIgniter\soila\app\Config\Routes.php(40): view('pages/error')
#6 D:\WEB SERVICES\WORKPLACE\CodeIgniter\soila\vendor\codeigniter4\framework\system\CodeIgniter.php(842): CodeIgniter\Router\RouteCollection->Config\{closure}('images')
#7 D:\WEB SERVICES\WORKPLACE\CodeIgniter\soila\vendor\codeigniter4\framework\system\CodeIgniter.php(334): CodeIgniter\CodeIgniter->display404errors(Object(CodeIgniter\Exceptions\PageNotFoundException))
#8 D:\WEB SERVICES\WORKPLACE\CodeIgniter\soila\public\index.php(37): CodeIgniter\CodeIgniter->run()
#9 D:\WEB SERVICES\WORKPLACE\CodeIgniter\soila\vendor\codeigniter4\framework\system\Commands\Server\rewrite.php(43): require_once('D:\\WEB SERVICES...')
#10 {main}
CRITICAL - 2022-02-18 06:00:25 --> Undefined variable: title
#0 D:\WEB SERVICES\WORKPLACE\CodeIgniter\soila\app\Views\layouts\base.php(9): CodeIgniter\Debug\Exceptions->errorHandler(8, 'Undefined varia...', 'D:\\WEB SERVICES...', 9, Array)
#1 D:\WEB SERVICES\WORKPLACE\CodeIgniter\soila\vendor\codeigniter4\framework\system\View\View.php(210): include('D:\\WEB SERVICES...')
#2 D:\WEB SERVICES\WORKPLACE\CodeIgniter\soila\vendor\codeigniter4\framework\system\View\View.php(213): CodeIgniter\View\View->CodeIgniter\View\{closure}()
#3 D:\WEB SERVICES\WORKPLACE\CodeIgniter\soila\vendor\codeigniter4\framework\system\View\View.php(226): CodeIgniter\View\View->render('layouts/base', Array, true)
#4 D:\WEB SERVICES\WORKPLACE\CodeIgniter\soila\vendor\codeigniter4\framework\system\Common.php(1089): CodeIgniter\View\View->render('pages/error', Array, true)
#5 D:\WEB SERVICES\WORKPLACE\CodeIgniter\soila\app\Config\Routes.php(40): view('pages/error')
#6 D:\WEB SERVICES\WORKPLACE\CodeIgniter\soila\vendor\codeigniter4\framework\system\CodeIgniter.php(842): CodeIgniter\Router\RouteCollection->Config\{closure}('images')
#7 D:\WEB SERVICES\WORKPLACE\CodeIgniter\soila\vendor\codeigniter4\framework\system\CodeIgniter.php(334): CodeIgniter\CodeIgniter->display404errors(Object(CodeIgniter\Exceptions\PageNotFoundException))
#8 D:\WEB SERVICES\WORKPLACE\CodeIgniter\soila\public\index.php(37): CodeIgniter\CodeIgniter->run()
#9 D:\WEB SERVICES\WORKPLACE\CodeIgniter\soila\vendor\codeigniter4\framework\system\Commands\Server\rewrite.php(43): require_once('D:\\WEB SERVICES...')
#10 {main}
CRITICAL - 2022-02-18 06:00:25 --> Undefined variable: title
#0 D:\WEB SERVICES\WORKPLACE\CodeIgniter\soila\app\Views\layouts\base.php(9): CodeIgniter\Debug\Exceptions->errorHandler(8, 'Undefined varia...', 'D:\\WEB SERVICES...', 9, Array)
#1 D:\WEB SERVICES\WORKPLACE\CodeIgniter\soila\vendor\codeigniter4\framework\system\View\View.php(210): include('D:\\WEB SERVICES...')
#2 D:\WEB SERVICES\WORKPLACE\CodeIgniter\soila\vendor\codeigniter4\framework\system\View\View.php(213): CodeIgniter\View\View->CodeIgniter\View\{closure}()
#3 D:\WEB SERVICES\WORKPLACE\CodeIgniter\soila\vendor\codeigniter4\framework\system\View\View.php(226): CodeIgniter\View\View->render('layouts/base', Array, true)
#4 D:\WEB SERVICES\WORKPLACE\CodeIgniter\soila\vendor\codeigniter4\framework\system\Common.php(1089): CodeIgniter\View\View->render('pages/error', Array, true)
#5 D:\WEB SERVICES\WORKPLACE\CodeIgniter\soila\app\Config\Routes.php(40): view('pages/error')
#6 D:\WEB SERVICES\WORKPLACE\CodeIgniter\soila\vendor\codeigniter4\framework\system\CodeIgniter.php(842): CodeIgniter\Router\RouteCollection->Config\{closure}('images')
#7 D:\WEB SERVICES\WORKPLACE\CodeIgniter\soila\vendor\codeigniter4\framework\system\CodeIgniter.php(334): CodeIgniter\CodeIgniter->display404errors(Object(CodeIgniter\Exceptions\PageNotFoundException))
#8 D:\WEB SERVICES\WORKPLACE\CodeIgniter\soila\public\index.php(37): CodeIgniter\CodeIgniter->run()
#9 D:\WEB SERVICES\WORKPLACE\CodeIgniter\soila\vendor\codeigniter4\framework\system\Commands\Server\rewrite.php(43): require_once('D:\\WEB SERVICES...')
#10 {main}
CRITICAL - 2022-02-18 06:00:25 --> Undefined variable: title
#0 D:\WEB SERVICES\WORKPLACE\CodeIgniter\soila\app\Views\layouts\base.php(9): CodeIgniter\Debug\Exceptions->errorHandler(8, 'Undefined varia...', 'D:\\WEB SERVICES...', 9, Array)
#1 D:\WEB SERVICES\WORKPLACE\CodeIgniter\soila\vendor\codeigniter4\framework\system\View\View.php(210): include('D:\\WEB SERVICES...')
#2 D:\WEB SERVICES\WORKPLACE\CodeIgniter\soila\vendor\codeigniter4\framework\system\View\View.php(213): CodeIgniter\View\View->CodeIgniter\View\{closure}()
#3 D:\WEB SERVICES\WORKPLACE\CodeIgniter\soila\vendor\codeigniter4\framework\system\View\View.php(226): CodeIgniter\View\View->render('layouts/base', Array, true)
#4 D:\WEB SERVICES\WORKPLACE\CodeIgniter\soila\vendor\codeigniter4\framework\system\Common.php(1089): CodeIgniter\View\View->render('pages/error', Array, true)
#5 D:\WEB SERVICES\WORKPLACE\CodeIgniter\soila\app\Config\Routes.php(40): view('pages/error')
#6 D:\WEB SERVICES\WORKPLACE\CodeIgniter\soila\vendor\codeigniter4\framework\system\CodeIgniter.php(842): CodeIgniter\Router\RouteCollection->Config\{closure}('images')
#7 D:\WEB SERVICES\WORKPLACE\CodeIgniter\soila\vendor\codeigniter4\framework\system\CodeIgniter.php(334): CodeIgniter\CodeIgniter->display404errors(Object(CodeIgniter\Exceptions\PageNotFoundException))
#8 D:\WEB SERVICES\WORKPLACE\CodeIgniter\soila\public\index.php(37): CodeIgniter\CodeIgniter->run()
#9 D:\WEB SERVICES\WORKPLACE\CodeIgniter\soila\vendor\codeigniter4\framework\system\Commands\Server\rewrite.php(43): require_once('D:\\WEB SERVICES...')
#10 {main}
CRITICAL - 2022-02-18 06:00:42 --> Undefined variable: title
#0 D:\WEB SERVICES\WORKPLACE\CodeIgniter\soila\app\Views\layouts\base.php(9): CodeIgniter\Debug\Exceptions->errorHandler(8, 'Undefined varia...', 'D:\\WEB SERVICES...', 9, Array)
#1 D:\WEB SERVICES\WORKPLACE\CodeIgniter\soila\vendor\codeigniter4\framework\system\View\View.php(210): include('D:\\WEB SERVICES...')
#2 D:\WEB SERVICES\WORKPLACE\CodeIgniter\soila\vendor\codeigniter4\framework\system\View\View.php(213): CodeIgniter\View\View->CodeIgniter\View\{closure}()
#3 D:\WEB SERVICES\WORKPLACE\CodeIgniter\soila\vendor\codeigniter4\framework\system\View\View.php(226): CodeIgniter\View\View->render('layouts/base', Array, true)
#4 D:\WEB SERVICES\WORKPLACE\CodeIgniter\soila\vendor\codeigniter4\framework\system\Common.php(1089): CodeIgniter\View\View->render('pages/error', Array, true)
#5 D:\WEB SERVICES\WORKPLACE\CodeIgniter\soila\app\Config\Routes.php(40): view('pages/error')
#6 D:\WEB SERVICES\WORKPLACE\CodeIgniter\soila\vendor\codeigniter4\framework\system\CodeIgniter.php(842): CodeIgniter\Router\RouteCollection->Config\{closure}('revolution')
#7 D:\WEB SERVICES\WORKPLACE\CodeIgniter\soila\vendor\codeigniter4\framework\system\CodeIgniter.php(334): CodeIgniter\CodeIgniter->display404errors(Object(CodeIgniter\Exceptions\PageNotFoundException))
#8 D:\WEB SERVICES\WORKPLACE\CodeIgniter\soila\public\index.php(37): CodeIgniter\CodeIgniter->run()
#9 D:\WEB SERVICES\WORKPLACE\CodeIgniter\soila\vendor\codeigniter4\framework\system\Commands\Server\rewrite.php(43): require_once('D:\\WEB SERVICES...')
#10 {main}
CRITICAL - 2022-02-18 06:00:42 --> Undefined variable: title
#0 D:\WEB SERVICES\WORKPLACE\CodeIgniter\soila\app\Views\layouts\base.php(9): CodeIgniter\Debug\Exceptions->errorHandler(8, 'Undefined varia...', 'D:\\WEB SERVICES...', 9, Array)
#1 D:\WEB SERVICES\WORKPLACE\CodeIgniter\soila\vendor\codeigniter4\framework\system\View\View.php(210): include('D:\\WEB SERVICES...')
#2 D:\WEB SERVICES\WORKPLACE\CodeIgniter\soila\vendor\codeigniter4\framework\system\View\View.php(213): CodeIgniter\View\View->CodeIgniter\View\{closure}()
#3 D:\WEB SERVICES\WORKPLACE\CodeIgniter\soila\vendor\codeigniter4\framework\system\View\View.php(226): CodeIgniter\View\View->render('layouts/base', Array, true)
#4 D:\WEB SERVICES\WORKPLACE\CodeIgniter\soila\vendor\codeigniter4\framework\system\Common.php(1089): CodeIgniter\View\View->render('pages/error', Array, true)
#5 D:\WEB SERVICES\WORKPLACE\CodeIgniter\soila\app\Config\Routes.php(40): view('pages/error')
#6 D:\WEB SERVICES\WORKPLACE\CodeIgniter\soila\vendor\codeigniter4\framework\system\CodeIgniter.php(842): CodeIgniter\Router\RouteCollection->Config\{closure}('images')
#7 D:\WEB SERVICES\WORKPLACE\CodeIgniter\soila\vendor\codeigniter4\framework\system\CodeIgniter.php(334): CodeIgniter\CodeIgniter->display404errors(Object(CodeIgniter\Exceptions\PageNotFoundException))
#8 D:\WEB SERVICES\WORKPLACE\CodeIgniter\soila\public\index.php(37): CodeIgniter\CodeIgniter->run()
#9 D:\WEB SERVICES\WORKPLACE\CodeIgniter\soila\vendor\codeigniter4\framework\system\Commands\Server\rewrite.php(43): require_once('D:\\WEB SERVICES...')
#10 {main}
CRITICAL - 2022-02-18 06:00:42 --> Undefined variable: title
#0 D:\WEB SERVICES\WORKPLACE\CodeIgniter\soila\app\Views\layouts\base.php(9): CodeIgniter\Debug\Exceptions->errorHandler(8, 'Undefined varia...', 'D:\\WEB SERVICES...', 9, Array)
#1 D:\WEB SERVICES\WORKPLACE\CodeIgniter\soila\vendor\codeigniter4\framework\system\View\View.php(210): include('D:\\WEB SERVICES...')
#2 D:\WEB SERVICES\WORKPLACE\CodeIgniter\soila\vendor\codeigniter4\framework\system\View\View.php(213): CodeIgniter\View\View->CodeIgniter\View\{closure}()
#3 D:\WEB SERVICES\WORKPLACE\CodeIgniter\soila\vendor\codeigniter4\framework\system\View\View.php(226): CodeIgniter\View\View->render('layouts/base', Array, true)
#4 D:\WEB SERVICES\WORKPLACE\CodeIgniter\soila\vendor\codeigniter4\framework\system\Common.php(1089): CodeIgniter\View\View->render('pages/error', Array, true)
#5 D:\WEB SERVICES\WORKPLACE\CodeIgniter\soila\app\Config\Routes.php(40): view('pages/error')
#6 D:\WEB SERVICES\WORKPLACE\CodeIgniter\soila\vendor\codeigniter4\framework\system\CodeIgniter.php(842): CodeIgniter\Router\RouteCollection->Config\{closure}('images')
#7 D:\WEB SERVICES\WORKPLACE\CodeIgniter\soila\vendor\codeigniter4\framework\system\CodeIgniter.php(334): CodeIgniter\CodeIgniter->display404errors(Object(CodeIgniter\Exceptions\PageNotFoundException))
#8 D:\WEB SERVICES\WORKPLACE\CodeIgniter\soila\public\index.php(37): CodeIgniter\CodeIgniter->run()
#9 D:\WEB SERVICES\WORKPLACE\CodeIgniter\soila\vendor\codeigniter4\framework\system\Commands\Server\rewrite.php(43): require_once('D:\\WEB SERVICES...')
#10 {main}
CRITICAL - 2022-02-18 06:00:42 --> Undefined variable: title
#0 D:\WEB SERVICES\WORKPLACE\CodeIgniter\soila\app\Views\layouts\base.php(9): CodeIgniter\Debug\Exceptions->errorHandler(8, 'Undefined varia...', 'D:\\WEB SERVICES...', 9, Array)
#1 D:\WEB SERVICES\WORKPLACE\CodeIgniter\soila\vendor\codeigniter4\framework\system\View\View.php(210): include('D:\\WEB SERVICES...')
#2 D:\WEB SERVICES\WORKPLACE\CodeIgniter\soila\vendor\codeigniter4\framework\system\View\View.php(213): CodeIgniter\View\View->CodeIgniter\View\{closure}()
#3 D:\WEB SERVICES\WORKPLACE\CodeIgniter\soila\vendor\codeigniter4\framework\system\View\View.php(226): CodeIgniter\View\View->render('layouts/base', Array, true)
#4 D:\WEB SERVICES\WORKPLACE\CodeIgniter\soila\vendor\codeigniter4\framework\system\Common.php(1089): CodeIgniter\View\View->render('pages/error', Array, true)
#5 D:\WEB SERVICES\WORKPLACE\CodeIgniter\soila\app\Config\Routes.php(40): view('pages/error')
#6 D:\WEB SERVICES\WORKPLACE\CodeIgniter\soila\vendor\codeigniter4\framework\system\CodeIgniter.php(842): CodeIgniter\Router\RouteCollection->Config\{closure}('images')
#7 D:\WEB SERVICES\WORKPLACE\CodeIgniter\soila\vendor\codeigniter4\framework\system\CodeIgniter.php(334): CodeIgniter\CodeIgniter->display404errors(Object(CodeIgniter\Exceptions\PageNotFoundException))
#8 D:\WEB SERVICES\WORKPLACE\CodeIgniter\soila\public\index.php(37): CodeIgniter\CodeIgniter->run()
#9 D:\WEB SERVICES\WORKPLACE\CodeIgniter\soila\vendor\codeigniter4\framework\system\Commands\Server\rewrite.php(43): require_once('D:\\WEB SERVICES...')
#10 {main}
CRITICAL - 2022-02-18 06:00:42 --> Undefined variable: title
#0 D:\WEB SERVICES\WORKPLACE\CodeIgniter\soila\app\Views\layouts\base.php(9): CodeIgniter\Debug\Exceptions->errorHandler(8, 'Undefined varia...', 'D:\\WEB SERVICES...', 9, Array)
#1 D:\WEB SERVICES\WORKPLACE\CodeIgniter\soila\vendor\codeigniter4\framework\system\View\View.php(210): include('D:\\WEB SERVICES...')
#2 D:\WEB SERVICES\WORKPLACE\CodeIgniter\soila\vendor\codeigniter4\framework\system\View\View.php(213): CodeIgniter\View\View->CodeIgniter\View\{closure}()
#3 D:\WEB SERVICES\WORKPLACE\CodeIgniter\soila\vendor\codeigniter4\framework\system\View\View.php(226): CodeIgniter\View\View->render('layouts/base', Array, true)
#4 D:\WEB SERVICES\WORKPLACE\CodeIgniter\soila\vendor\codeigniter4\framework\system\Common.php(1089): CodeIgniter\View\View->render('pages/error', Array, true)
#5 D:\WEB SERVICES\WORKPLACE\CodeIgniter\soila\app\Config\Routes.php(40): view('pages/error')
#6 D:\WEB SERVICES\WORKPLACE\CodeIgniter\soila\vendor\codeigniter4\framework\system\CodeIgniter.php(842): CodeIgniter\Router\RouteCollection->Config\{closure}('images')
#7 D:\WEB SERVICES\WORKPLACE\CodeIgniter\soila\vendor\codeigniter4\framework\system\CodeIgniter.php(334): CodeIgniter\CodeIgniter->display404errors(Object(CodeIgniter\Exceptions\PageNotFoundException))
#8 D:\WEB SERVICES\WORKPLACE\CodeIgniter\soila\public\index.php(37): CodeIgniter\CodeIgniter->run()
#9 D:\WEB SERVICES\WORKPLACE\CodeIgniter\soila\vendor\codeigniter4\framework\system\Commands\Server\rewrite.php(43): require_once('D:\\WEB SERVICES...')
#10 {main}
CRITICAL - 2022-02-18 06:00:42 --> Undefined variable: title
#0 D:\WEB SERVICES\WORKPLACE\CodeIgniter\soila\app\Views\layouts\base.php(9): CodeIgniter\Debug\Exceptions->errorHandler(8, 'Undefined varia...', 'D:\\WEB SERVICES...', 9, Array)
#1 D:\WEB SERVICES\WORKPLACE\CodeIgniter\soila\vendor\codeigniter4\framework\system\View\View.php(210): include('D:\\WEB SERVICES...')
#2 D:\WEB SERVICES\WORKPLACE\CodeIgniter\soila\vendor\codeigniter4\framework\system\View\View.php(213): CodeIgniter\View\View->CodeIgniter\View\{closure}()
#3 D:\WEB SERVICES\WORKPLACE\CodeIgniter\soila\vendor\codeigniter4\framework\system\View\View.php(226): CodeIgniter\View\View->render('layouts/base', Array, true)
#4 D:\WEB SERVICES\WORKPLACE\CodeIgniter\soila\vendor\codeigniter4\framework\system\Common.php(1089): CodeIgniter\View\View->render('pages/error', Array, true)
#5 D:\WEB SERVICES\WORKPLACE\CodeIgniter\soila\app\Config\Routes.php(40): view('pages/error')
#6 D:\WEB SERVICES\WORKPLACE\CodeIgniter\soila\vendor\codeigniter4\framework\system\CodeIgniter.php(842): CodeIgniter\Router\RouteCollection->Config\{closure}('images')
#7 D:\WEB SERVICES\WORKPLACE\CodeIgniter\soila\vendor\codeigniter4\framework\system\CodeIgniter.php(334): CodeIgniter\CodeIgniter->display404errors(Object(CodeIgniter\Exceptions\PageNotFoundException))
#8 D:\WEB SERVICES\WORKPLACE\CodeIgniter\soila\public\index.php(37): CodeIgniter\CodeIgniter->run()
#9 D:\WEB SERVICES\WORKPLACE\CodeIgniter\soila\vendor\codeigniter4\framework\system\Commands\Server\rewrite.php(43): require_once('D:\\WEB SERVICES...')
#10 {main}
CRITICAL - 2022-02-18 06:00:42 --> Undefined variable: title
#0 D:\WEB SERVICES\WORKPLACE\CodeIgniter\soila\app\Views\layouts\base.php(9): CodeIgniter\Debug\Exceptions->errorHandler(8, 'Undefined varia...', 'D:\\WEB SERVICES...', 9, Array)
#1 D:\WEB SERVICES\WORKPLACE\CodeIgniter\soila\vendor\codeigniter4\framework\system\View\View.php(210): include('D:\\WEB SERVICES...')
#2 D:\WEB SERVICES\WORKPLACE\CodeIgniter\soila\vendor\codeigniter4\framework\system\View\View.php(213): CodeIgniter\View\View->CodeIgniter\View\{closure}()
#3 D:\WEB SERVICES\WORKPLACE\CodeIgniter\soila\vendor\codeigniter4\framework\system\View\View.php(226): CodeIgniter\View\View->render('layouts/base', Array, true)
#4 D:\WEB SERVICES\WORKPLACE\CodeIgniter\soila\vendor\codeigniter4\framework\system\Common.php(1089): CodeIgniter\View\View->render('pages/error', Array, true)
#5 D:\WEB SERVICES\WORKPLACE\CodeIgniter\soila\app\Config\Routes.php(40): view('pages/error')
#6 D:\WEB SERVICES\WORKPLACE\CodeIgniter\soila\vendor\codeigniter4\framework\system\CodeIgniter.php(842): CodeIgniter\Router\RouteCollection->Config\{closure}('revolution')
#7 D:\WEB SERVICES\WORKPLACE\CodeIgniter\soila\vendor\codeigniter4\framework\system\CodeIgniter.php(334): CodeIgniter\CodeIgniter->display404errors(Object(CodeIgniter\Exceptions\PageNotFoundException))
#8 D:\WEB SERVICES\WORKPLACE\CodeIgniter\soila\public\index.php(37): CodeIgniter\CodeIgniter->run()
#9 D:\WEB SERVICES\WORKPLACE\CodeIgniter\soila\vendor\codeigniter4\framework\system\Commands\Server\rewrite.php(43): require_once('D:\\WEB SERVICES...')
#10 {main}
CRITICAL - 2022-02-18 06:00:42 --> Undefined variable: title
#0 D:\WEB SERVICES\WORKPLACE\CodeIgniter\soila\app\Views\layouts\base.php(9): CodeIgniter\Debug\Exceptions->errorHandler(8, 'Undefined varia...', 'D:\\WEB SERVICES...', 9, Array)
#1 D:\WEB SERVICES\WORKPLACE\CodeIgniter\soila\vendor\codeigniter4\framework\system\View\View.php(210): include('D:\\WEB SERVICES...')
#2 D:\WEB SERVICES\WORKPLACE\CodeIgniter\soila\vendor\codeigniter4\framework\system\View\View.php(213): CodeIgniter\View\View->CodeIgniter\View\{closure}()
#3 D:\WEB SERVICES\WORKPLACE\CodeIgniter\soila\vendor\codeigniter4\framework\system\View\View.php(226): CodeIgniter\View\View->render('layouts/base', Array, true)
#4 D:\WEB SERVICES\WORKPLACE\CodeIgniter\soila\vendor\codeigniter4\framework\system\Common.php(1089): CodeIgniter\View\View->render('pages/error', Array, true)
#5 D:\WEB SERVICES\WORKPLACE\CodeIgniter\soila\app\Config\Routes.php(40): view('pages/error')
#6 D:\WEB SERVICES\WORKPLACE\CodeIgniter\soila\vendor\codeigniter4\framework\system\CodeIgniter.php(842): CodeIgniter\Router\RouteCollection->Config\{closure}('images')
#7 D:\WEB SERVICES\WORKPLACE\CodeIgniter\soila\vendor\codeigniter4\framework\system\CodeIgniter.php(334): CodeIgniter\CodeIgniter->display404errors(Object(CodeIgniter\Exceptions\PageNotFoundException))
#8 D:\WEB SERVICES\WORKPLACE\CodeIgniter\soila\public\index.php(37): CodeIgniter\CodeIgniter->run()
#9 D:\WEB SERVICES\WORKPLACE\CodeIgniter\soila\vendor\codeigniter4\framework\system\Commands\Server\rewrite.php(43): require_once('D:\\WEB SERVICES...')
#10 {main}
CRITICAL - 2022-02-18 06:00:42 --> Undefined variable: title
#0 D:\WEB SERVICES\WORKPLACE\CodeIgniter\soila\app\Views\layouts\base.php(9): CodeIgniter\Debug\Exceptions->errorHandler(8, 'Undefined varia...', 'D:\\WEB SERVICES...', 9, Array)
#1 D:\WEB SERVICES\WORKPLACE\CodeIgniter\soila\vendor\codeigniter4\framework\system\View\View.php(210): include('D:\\WEB SERVICES...')
#2 D:\WEB SERVICES\WORKPLACE\CodeIgniter\soila\vendor\codeigniter4\framework\system\View\View.php(213): CodeIgniter\View\View->CodeIgniter\View\{closure}()
#3 D:\WEB SERVICES\WORKPLACE\CodeIgniter\soila\vendor\codeigniter4\framework\system\View\View.php(226): CodeIgniter\View\View->render('layouts/base', Array, true)
#4 D:\WEB SERVICES\WORKPLACE\CodeIgniter\soila\vendor\codeigniter4\framework\system\Common.php(1089): CodeIgniter\View\View->render('pages/error', Array, true)
#5 D:\WEB SERVICES\WORKPLACE\CodeIgniter\soila\app\Config\Routes.php(40): view('pages/error')
#6 D:\WEB SERVICES\WORKPLACE\CodeIgniter\soila\vendor\codeigniter4\framework\system\CodeIgniter.php(842): CodeIgniter\Router\RouteCollection->Config\{closure}('images')
#7 D:\WEB SERVICES\WORKPLACE\CodeIgniter\soila\vendor\codeigniter4\framework\system\CodeIgniter.php(334): CodeIgniter\CodeIgniter->display404errors(Object(CodeIgniter\Exceptions\PageNotFoundException))
#8 D:\WEB SERVICES\WORKPLACE\CodeIgniter\soila\public\index.php(37): CodeIgniter\CodeIgniter->run()
#9 D:\WEB SERVICES\WORKPLACE\CodeIgniter\soila\vendor\codeigniter4\framework\system\Commands\Server\rewrite.php(43): require_once('D:\\WEB SERVICES...')
#10 {main}
CRITICAL - 2022-02-18 06:05:08 --> Undefined variable: title
#0 D:\WEB SERVICES\WORKPLACE\CodeIgniter\soila\app\Views\layouts\base.php(9): CodeIgniter\Debug\Exceptions->errorHandler(8, 'Undefined varia...', 'D:\\WEB SERVICES...', 9, Array)
#1 D:\WEB SERVICES\WORKPLACE\CodeIgniter\soila\vendor\codeigniter4\framework\system\View\View.php(210): include('D:\\WEB SERVICES...')
#2 D:\WEB SERVICES\WORKPLACE\CodeIgniter\soila\vendor\codeigniter4\framework\system\View\View.php(213): CodeIgniter\View\View->CodeIgniter\View\{closure}()
#3 D:\WEB SERVICES\WORKPLACE\CodeIgniter\soila\vendor\codeigniter4\framework\system\View\View.php(226): CodeIgniter\View\View->render('layouts/base', Array, true)
#4 D:\WEB SERVICES\WORKPLACE\CodeIgniter\soila\vendor\codeigniter4\framework\system\Common.php(1089): CodeIgniter\View\View->render('pages/error', Array, true)
#5 D:\WEB SERVICES\WORKPLACE\CodeIgniter\soila\app\Config\Routes.php(40): view('pages/error')
#6 D:\WEB SERVICES\WORKPLACE\CodeIgniter\soila\vendor\codeigniter4\framework\system\CodeIgniter.php(842): CodeIgniter\Router\RouteCollection->Config\{closure}('my')
#7 D:\WEB SERVICES\WORKPLACE\CodeIgniter\soila\vendor\codeigniter4\framework\system\CodeIgniter.php(334): CodeIgniter\CodeIgniter->display404errors(Object(CodeIgniter\Exceptions\PageNotFoundException))
#8 D:\WEB SERVICES\WORKPLACE\CodeIgniter\soila\public\index.php(37): CodeIgniter\CodeIgniter->run()
#9 D:\WEB SERVICES\WORKPLACE\CodeIgniter\soila\vendor\codeigniter4\framework\system\Commands\Server\rewrite.php(43): require_once('D:\\WEB SERVICES...')
#10 {main}
CRITICAL - 2022-02-18 06:07:43 --> Undefined variable: title
#0 D:\WEB SERVICES\WORKPLACE\CodeIgniter\soila\app\Views\layouts\base.php(9): CodeIgniter\Debug\Exceptions->errorHandler(8, 'Undefined varia...', 'D:\\WEB SERVICES...', 9, Array)
#1 D:\WEB SERVICES\WORKPLACE\CodeIgniter\soila\vendor\codeigniter4\framework\system\View\View.php(210): include('D:\\WEB SERVICES...')
#2 D:\WEB SERVICES\WORKPLACE\CodeIgniter\soila\vendor\codeigniter4\framework\system\View\View.php(213): CodeIgniter\View\View->CodeIgniter\View\{closure}()
#3 D:\WEB SERVICES\WORKPLACE\CodeIgniter\soila\vendor\codeigniter4\framework\system\View\View.php(226): CodeIgniter\View\View->render('layouts/base', Array, true)
#4 D:\WEB SERVICES\WORKPLACE\CodeIgniter\soila\vendor\codeigniter4\framework\system\Common.php(1089): CodeIgniter\View\View->render('pages/error', Array, true)
#5 D:\WEB SERVICES\WORKPLACE\CodeIgniter\soila\app\Config\Routes.php(43): view('pages/error')
#6 D:\WEB SERVICES\WORKPLACE\CodeIgniter\soila\vendor\codeigniter4\framework\system\CodeIgniter.php(842): CodeIgniter\Router\RouteCollection->Config\{closure}('my')
#7 D:\WEB SERVICES\WORKPLACE\CodeIgniter\soila\vendor\codeigniter4\framework\system\CodeIgniter.php(334): CodeIgniter\CodeIgniter->display404errors(Object(CodeIgniter\Exceptions\PageNotFoundException))
#8 D:\WEB SERVICES\WORKPLACE\CodeIgniter\soila\public\index.php(37): CodeIgniter\CodeIgniter->run()
#9 D:\WEB SERVICES\WORKPLACE\CodeIgniter\soila\vendor\codeigniter4\framework\system\Commands\Server\rewrite.php(43): require_once('D:\\WEB SERVICES...')
#10 {main}
ERROR - 2022-02-18 09:59:46 --> Error connecting to the database: No connection could be made because the target machine actively refused it.

CRITICAL - 2022-02-18 09:59:46 --> Unable to connect to the database.
Main connection [MySQLi]: No connection could be made because the target machine actively refused it.

#0 D:\WEB SERVICES\WORKPLACE\CodeIgniter\soila\vendor\codeigniter4\framework\system\Database\BaseConnection.php(577): CodeIgniter\Database\BaseConnection->initialize()
#1 D:\WEB SERVICES\WORKPLACE\CodeIgniter\soila\vendor\codeigniter4\framework\system\Database\BaseBuilder.php(1771): CodeIgniter\Database\BaseConnection->query('INSERT INTO `co...', Array, false)
#2 D:\WEB SERVICES\WORKPLACE\CodeIgniter\soila\vendor\codeigniter4\framework\system\Model.php(239): CodeIgniter\Database\BaseBuilder->insert()
#3 D:\WEB SERVICES\WORKPLACE\CodeIgniter\soila\vendor\codeigniter4\framework\system\BaseModel.php(738): CodeIgniter\Model->doInsert(Array)
#4 D:\WEB SERVICES\WORKPLACE\CodeIgniter\soila\vendor\codeigniter4\framework\system\Model.php(625): CodeIgniter\BaseModel->insert(Array, false)
#5 D:\WEB SERVICES\WORKPLACE\CodeIgniter\soila\vendor\codeigniter4\framework\system\BaseModel.php(658): CodeIgniter\Model->insert(Array, false)
#6 D:\WEB SERVICES\WORKPLACE\CodeIgniter\soila\app\Controllers\Contact.php(32): CodeIgniter\BaseModel->save(Array)
#7 D:\WEB SERVICES\WORKPLACE\CodeIgniter\soila\vendor\codeigniter4\framework\system\CodeIgniter.php(825): App\Controllers\Contact->index()
#8 D:\WEB SERVICES\WORKPLACE\CodeIgniter\soila\vendor\codeigniter4\framework\system\CodeIgniter.php(412): CodeIgniter\CodeIgniter->runController(Object(App\Controllers\Contact))
#9 D:\WEB SERVICES\WORKPLACE\CodeIgniter\soila\vendor\codeigniter4\framework\system\CodeIgniter.php(320): CodeIgniter\CodeIgniter->handleRequest(NULL, Object(Config\Cache), false)
#10 D:\WEB SERVICES\WORKPLACE\CodeIgniter\soila\public\index.php(37): CodeIgniter\CodeIgniter->run()
#11 D:\WEB SERVICES\WORKPLACE\CodeIgniter\soila\vendor\codeigniter4\framework\system\Commands\Server\rewrite.php(43): require_once('D:\\WEB SERVICES...')
#12 {main}
ERROR - 2022-02-18 10:03:04 --> Email: sendWithMail throwed mail(): Failed to connect to mailserver at &quot;localhost&quot; port 25, verify your &quot;SMTP&quot; and &quot;smtp_port&quot; setting in php.ini or use ini_set()
